Analysis & Synthesis report for uart
Tue May 20 23:25:08 2025
Quartus Prime Version 23.1std.1 Build 993 05/14/2024 SC Lite Edition


---------------------
; Table of Contents ;
---------------------
  1. Legal Notice
  2. Analysis & Synthesis Summary
  3. Analysis & Synthesis Settings
  4. Parallel Compilation
  5. Analysis & Synthesis Source Files Read
  6. Analysis & Synthesis Resource Usage Summary
  7. Analysis & Synthesis Resource Utilization by Entity
  8. State Machine - |top|uart_rx:uart_rx_inst|state
  9. Registers Removed During Synthesis
 10. Removed Registers Triggering Further Register Optimizations
 11. General Register Statistics
 12. Multiplexer Restructuring Statistics (Restructuring Performed)
 13. Parameter Settings for User Entity Instance: uart_rx:uart_rx_inst
 14. Port Connectivity Checks: "uart_rx:uart_rx_inst"
 15. Post-Synthesis Netlist Statistics for Top Partition
 16. Elapsed Time Per Partition
 17. Analysis & Synthesis Messages



----------------
; Legal Notice ;
----------------
Copyright (C) 2024  Intel Corporation. All rights reserved.
Your use of Intel Corporation's design tools, logic functions 
and other software and tools, and any partner logic 
functions, and any output files from any of the foregoing 
(including device programming or simulation files), and any 
associated documentation or information are expressly subject 
to the terms and conditions of the Intel Program License 
Subscription Agreement, the Intel Quartus Prime License Agreement,
the Intel FPGA IP License Agreement, or other applicable license
agreement, including, without limitation, that your use is for
the sole purpose of programming logic devices manufactured by
Intel and sold by Intel or its authorized distributors.  Please
refer to the applicable agreement for further details, at
https://fpgasoftware.intel.com/eula.



+-------------------------------------------------------------------------------------+
; Analysis & Synthesis Summary                                                        ;
+------------------------------------+------------------------------------------------+
; Analysis & Synthesis Status        ; Successful - Tue May 20 23:25:08 2025          ;
; Quartus Prime Version              ; 23.1std.1 Build 993 05/14/2024 SC Lite Edition ;
; Revision Name                      ; uart                                           ;
; Top-level Entity Name              ; top                                            ;
; Family                             ; Cyclone IV E                                   ;
; Total logic elements               ; 0                                              ;
;     Total combinational functions  ; 0                                              ;
;     Dedicated logic registers      ; 0                                              ;
; Total registers                    ; 0                                              ;
; Total pins                         ; 10                                             ;
; Total virtual pins                 ; 0                                              ;
; Total memory bits                  ; 0                                              ;
; Embedded Multiplier 9-bit elements ; 0                                              ;
; Total PLLs                         ; 0                                              ;
+------------------------------------+------------------------------------------------+


+------------------------------------------------------------------------------------------------------------+
; Analysis & Synthesis Settings                                                                              ;
+------------------------------------------------------------------+--------------------+--------------------+
; Option                                                           ; Setting            ; Default Value      ;
+------------------------------------------------------------------+--------------------+--------------------+
; Top-level entity name                                            ; top                ; uart               ;
; Family name                                                      ; Cyclone IV E       ; Cyclone V          ;
; Use smart compilation                                            ; Off                ; Off                ;
; Enable parallel Assembler and Timing Analyzer during compilation ; On                 ; On                 ;
; Enable compact report table                                      ; Off                ; Off                ;
; Restructure Multiplexers                                         ; Auto               ; Auto               ;
; Create Debugging Nodes for IP Cores                              ; Off                ; Off                ;
; Preserve fewer node names                                        ; On                 ; On                 ;
; Intel FPGA IP Evaluation Mode                                    ; Enable             ; Enable             ;
; Verilog Version                                                  ; Verilog_2001       ; Verilog_2001       ;
; VHDL Version                                                     ; VHDL_1993          ; VHDL_1993          ;
; State Machine Processing                                         ; Auto               ; Auto               ;
; Safe State Machine                                               ; Off                ; Off                ;
; Extract Verilog State Machines                                   ; On                 ; On                 ;
; Extract VHDL State Machines                                      ; On                 ; On                 ;
; Ignore Verilog initial constructs                                ; Off                ; Off                ;
; Iteration limit for constant Verilog loops                       ; 5000               ; 5000               ;
; Iteration limit for non-constant Verilog loops                   ; 250                ; 250                ;
; Add Pass-Through Logic to Inferred RAMs                          ; On                 ; On                 ;
; Infer RAMs from Raw Logic                                        ; On                 ; On                 ;
; Parallel Synthesis                                               ; On                 ; On                 ;
; DSP Block Balancing                                              ; Auto               ; Auto               ;
; NOT Gate Push-Back                                               ; On                 ; On                 ;
; Power-Up Don't Care                                              ; On                 ; On                 ;
; Remove Redundant Logic Cells                                     ; Off                ; Off                ;
; Remove Duplicate Registers                                       ; On                 ; On                 ;
; Ignore CARRY Buffers                                             ; Off                ; Off                ;
; Ignore CASCADE Buffers                                           ; Off                ; Off                ;
; Ignore GLOBAL Buffers                                            ; Off                ; Off                ;
; Ignore ROW GLOBAL Buffers                                        ; Off                ; Off                ;
; Ignore LCELL Buffers                                             ; Off                ; Off                ;
; Ignore SOFT Buffers                                              ; On                 ; On                 ;
; Limit AHDL Integers to 32 Bits                                   ; Off                ; Off                ;
; Optimization Technique                                           ; Balanced           ; Balanced           ;
; Carry Chain Length                                               ; 70                 ; 70                 ;
; Auto Carry Chains                                                ; On                 ; On                 ;
; Auto Open-Drain Pins                                             ; On                 ; On                 ;
; Perform WYSIWYG Primitive Resynthesis                            ; Off                ; Off                ;
; Auto ROM Replacement                                             ; On                 ; On                 ;
; Auto RAM Replacement                                             ; On                 ; On                 ;
; Auto DSP Block Replacement                                       ; On                 ; On                 ;
; Auto Shift Register Replacement                                  ; Auto               ; Auto               ;
; Allow Shift Register Merging across Hierarchies                  ; Auto               ; Auto               ;
; Auto Clock Enable Replacement                                    ; On                 ; On                 ;
; Strict RAM Replacement                                           ; Off                ; Off                ;
; Allow Synchronous Control Signals                                ; On                 ; On                 ;
; Force Use of Synchronous Clear Signals                           ; Off                ; Off                ;
; Auto RAM Block Balancing                                         ; On                 ; On                 ;
; Auto RAM to Logic Cell Conversion                                ; Off                ; Off                ;
; Auto Resource Sharing                                            ; Off                ; Off                ;
; Allow Any RAM Size For Recognition                               ; Off                ; Off                ;
; Allow Any ROM Size For Recognition                               ; Off                ; Off                ;
; Allow Any Shift Register Size For Recognition                    ; Off                ; Off                ;
; Use LogicLock Constraints during Resource Balancing              ; On                 ; On                 ;
; Ignore translate_off and synthesis_off directives                ; Off                ; Off                ;
; Timing-Driven Synthesis                                          ; On                 ; On                 ;
; Report Parameter Settings                                        ; On                 ; On                 ;
; Report Source Assignments                                        ; On                 ; On                 ;
; Report Connectivity Checks                                       ; On                 ; On                 ;
; Ignore Maximum Fan-Out Assignments                               ; Off                ; Off                ;
; Synchronization Register Chain Length                            ; 2                  ; 2                  ;
; Power Optimization During Synthesis                              ; Normal compilation ; Normal compilation ;
; HDL message level                                                ; Level2             ; Level2             ;
; Suppress Register Optimization Related Messages                  ; Off                ; Off                ;
; Number of Removed Registers Reported in Synthesis Report         ; 5000               ; 5000               ;
; Number of Swept Nodes Reported in Synthesis Report               ; 5000               ; 5000               ;
; Number of Inverted Registers Reported in Synthesis Report        ; 100                ; 100                ;
; Clock MUX Protection                                             ; On                 ; On                 ;
; Auto Gated Clock Conversion                                      ; Off                ; Off                ;
; Block Design Naming                                              ; Auto               ; Auto               ;
; SDC constraint protection                                        ; Off                ; Off                ;
; Synthesis Effort                                                 ; Auto               ; Auto               ;
; Shift Register Replacement - Allow Asynchronous Clear Signal     ; On                 ; On                 ;
; Pre-Mapping Resynthesis Optimization                             ; Off                ; Off                ;
; Analysis & Synthesis Message Level                               ; Medium             ; Medium             ;
; Disable Register Merging Across Hierarchies                      ; Auto               ; Auto               ;
; Resource Aware Inference For Block RAM                           ; On                 ; On                 ;
+------------------------------------------------------------------+--------------------+--------------------+


+------------------------------------------+
; Parallel Compilation                     ;
+----------------------------+-------------+
; Processors                 ; Number      ;
+----------------------------+-------------+
; Number detected on machine ; 8           ;
; Maximum allowed            ; 4           ;
;                            ;             ;
; Average used               ; 1.00        ;
; Maximum used               ; 1           ;
;                            ;             ;
; Usage by Processor         ; % Time Used ;
;     Processor 1            ; 100.0%      ;
+----------------------------+-------------+


+---------------------------------------------------------------------------------------------------------------------------------------------------------------------------+
; Analysis & Synthesis Source Files Read                                                                                                                                    ;
+----------------------------------+-----------------+------------------------+-----------------------------------------------------------------------------------+---------+
; File Name with User-Entered Path ; Used in Netlist ; File Type              ; File Name with Absolute Path                                                      ; Library ;
+----------------------------------+-----------------+------------------------+-----------------------------------------------------------------------------------+---------+
; uart_rx.v                        ; yes             ; User Verilog HDL File  ; /home/ilya/Desktop/baikal/drec-fpga-intro/problems/2025/04_uart_rx/uart_rx.v      ;         ;
; seg7_decoder.v                   ; yes             ; User Verilog HDL File  ; /home/ilya/Desktop/baikal/drec-fpga-intro/problems/2025/04_uart_rx/seg7_decoder.v ;         ;
; top.v                            ; yes             ; User Verilog HDL File  ; /home/ilya/Desktop/baikal/drec-fpga-intro/problems/2025/04_uart_rx/top.v          ;         ;
+----------------------------------+-----------------+------------------------+-----------------------------------------------------------------------------------+---------+


+-------------------------------------------------------------+
; Analysis & Synthesis Resource Usage Summary                 ;
+---------------------------------------------+---------------+
; Resource                                    ; Usage         ;
+---------------------------------------------+---------------+
;                                             ;               ;
; Total combinational functions               ; 0             ;
; Logic element usage by number of LUT inputs ;               ;
;     -- 4 input functions                    ; 0             ;
;     -- 3 input functions                    ; 0             ;
;     -- <=2 input functions                  ; 0             ;
;                                             ;               ;
; Logic elements by mode                      ;               ;
;     -- normal mode                          ; 0             ;
;     -- arithmetic mode                      ; 0             ;
;                                             ;               ;
; Total registers                             ; 0             ;
;     -- Dedicated logic registers            ; 0             ;
;     -- I/O registers                        ; 0             ;
;                                             ;               ;
; I/O pins                                    ; 10            ;
;                                             ;               ;
; Embedded Multiplier 9-bit elements          ; 0             ;
;                                             ;               ;
; Maximum fan-out node                        ; seg[0]~output ;
; Maximum fan-out                             ; 1             ;
; Total fan-out                               ; 10            ;
; Average fan-out                             ; 0.50          ;
+---------------------------------------------+---------------+


+----------------------------------------------------------------------------------------------------------------------------------------------------------------------------------------------------------+
; Analysis & Synthesis Resource Utilization by Entity                                                                                                                                                      ;
+----------------------------+---------------------+---------------------------+-------------+--------------+---------+-----------+------+--------------+---------------------+-------------+--------------+
; Compilation Hierarchy Node ; Combinational ALUTs ; Dedicated Logic Registers ; Memory Bits ; DSP Elements ; DSP 9x9 ; DSP 18x18 ; Pins ; Virtual Pins ; Full Hierarchy Name ; Entity Name ; Library Name ;
+----------------------------+---------------------+---------------------------+-------------+--------------+---------+-----------+------+--------------+---------------------+-------------+--------------+
; |top                       ; 0 (0)               ; 0 (0)                     ; 0           ; 0            ; 0       ; 0         ; 10   ; 0            ; |top                ; top         ; work         ;
+----------------------------+---------------------+---------------------------+-------------+--------------+---------+-----------+------+--------------+---------------------+-------------+--------------+
Note: For table entries with two numbers listed, the numbers in parentheses indicate the number of resources of the given type used by the specific entity alone. The numbers listed outside of parentheses indicate the total resources of the given type used by the specific entity and all of its sub-entities in the hierarchy.


Encoding Type:  One-Hot
+---------------------------------------------------------------------------------------------------------------+
; State Machine - |top|uart_rx:uart_rx_inst|state                                                               ;
+--------------------+-------------------+--------------------+--------------------+------------+---------------+
; Name               ; state.RX_STOP_BIT ; state.RX_DATA_BITS ; state.RX_START_BIT ; state.IDLE ; state.CLEANUP ;
+--------------------+-------------------+--------------------+--------------------+------------+---------------+
; state.IDLE         ; 0                 ; 0                  ; 0                  ; 0          ; 0             ;
; state.RX_START_BIT ; 0                 ; 0                  ; 1                  ; 1          ; 0             ;
; state.RX_DATA_BITS ; 0                 ; 1                  ; 0                  ; 1          ; 0             ;
; state.RX_STOP_BIT  ; 1                 ; 0                  ; 0                  ; 1          ; 0             ;
; state.CLEANUP      ; 0                 ; 0                  ; 0                  ; 1          ; 1             ;
+--------------------+-------------------+--------------------+--------------------+------------+---------------+


+----------------------------------------------------------------------------------+
; Registers Removed During Synthesis                                               ;
+-----------------------------------------+----------------------------------------+
; Register name                           ; Reason for Removal                     ;
+-----------------------------------------+----------------------------------------+
; uart_rx:uart_rx_inst|state~9            ; Lost fanout                            ;
; uart_rx:uart_rx_inst|state~10           ; Lost fanout                            ;
; uart_rx:uart_rx_inst|state.CLEANUP      ; Stuck at GND due to stuck port data_in ;
; uart_rx:uart_rx_inst|rx_sync[1]         ; Lost fanout                            ;
; uart_rx:uart_rx_inst|clk_cnt[0..7]      ; Lost fanout                            ;
; uart_rx:uart_rx_inst|rx_sync[0]         ; Lost fanout                            ;
; uart_rx:uart_rx_inst|state.IDLE         ; Lost fanout                            ;
; uart_rx:uart_rx_inst|state.RX_START_BIT ; Lost fanout                            ;
; uart_rx:uart_rx_inst|state.RX_DATA_BITS ; Lost fanout                            ;
; uart_rx:uart_rx_inst|state.RX_STOP_BIT  ; Lost fanout                            ;
; Total Number of Removed Registers = 17  ;                                        ;
+-----------------------------------------+----------------------------------------+


+--------------------------------------------------------------------------------------------------------------------------------------------------+
; Removed Registers Triggering Further Register Optimizations                                                                                      ;
+------------------------------------+---------------------------+---------------------------------------------------------------------------------+
; Register name                      ; Reason for Removal        ; Registers Removed due to This Register                                          ;
+------------------------------------+---------------------------+---------------------------------------------------------------------------------+
; uart_rx:uart_rx_inst|state~9       ; Lost Fanouts              ; uart_rx:uart_rx_inst|rx_sync[1], uart_rx:uart_rx_inst|rx_sync[0],               ;
;                                    ;                           ; uart_rx:uart_rx_inst|state.RX_START_BIT, uart_rx:uart_rx_inst|state.RX_STOP_BIT ;
; uart_rx:uart_rx_inst|state~10      ; Lost Fanouts              ; uart_rx:uart_rx_inst|clk_cnt[7], uart_rx:uart_rx_inst|state.RX_DATA_BITS        ;
; uart_rx:uart_rx_inst|state.CLEANUP ; Stuck at GND              ; uart_rx:uart_rx_inst|state.IDLE                                                 ;
;                                    ; due to stuck port data_in ;                                                                                 ;
+------------------------------------+---------------------------+---------------------------------------------------------------------------------+


+------------------------------------------------------+
; General Register Statistics                          ;
+----------------------------------------------+-------+
; Statistic                                    ; Value ;
+----------------------------------------------+-------+
; Total registers                              ; 0     ;
; Number of registers using Synchronous Clear  ; 0     ;
; Number of registers using Synchronous Load   ; 0     ;
; Number of registers using Asynchronous Clear ; 0     ;
; Number of registers using Asynchronous Load  ; 0     ;
; Number of registers using Clock Enable       ; 0     ;
; Number of registers using Preset             ; 0     ;
+----------------------------------------------+-------+


+----------------------------------------------------------------------------------------------------------------------------------------------------+
; Multiplexer Restructuring Statistics (Restructuring Performed)                                                                                     ;
+--------------------+-----------+---------------+----------------------+------------------------+------------+--------------------------------------+
; Multiplexer Inputs ; Bus Width ; Baseline Area ; Area if Restructured ; Saving if Restructured ; Registered ; Example Multiplexer Output           ;
+--------------------+-----------+---------------+----------------------+------------------------+------------+--------------------------------------+
; 6:1                ; 8 bits    ; 32 LEs        ; 8 LEs                ; 24 LEs                 ; Yes        ; |top|uart_rx:uart_rx_inst|clk_cnt[7] ;
; 6:1                ; 3 bits    ; 12 LEs        ; 6 LEs                ; 6 LEs                  ; No         ; |top|uart_rx:uart_rx_inst|Selector1  ;
; 6:1                ; 2 bits    ; 8 LEs         ; 4 LEs                ; 4 LEs                  ; No         ; |top|uart_rx:uart_rx_inst|Selector0  ;
+--------------------+-----------+---------------+----------------------+------------------------+------------+--------------------------------------+


+-------------------------------------------------------------------+
; Parameter Settings for User Entity Instance: uart_rx:uart_rx_inst ;
+----------------+-------+------------------------------------------+
; Parameter Name ; Value ; Type                                     ;
+----------------+-------+------------------------------------------+
; CLKS_PER_BIT   ; 434   ; Signed Integer                           ;
+----------------+-------+------------------------------------------+
Note: In order to hide this table in the UI and the text report file, please set the "Show Parameter Settings in Synthesis Report" option in "Analysis and Synthesis Settings -> More Settings" to "Off".


+-----------------------------------------------------------------------------------------------------------------+
; Port Connectivity Checks: "uart_rx:uart_rx_inst"                                                                ;
+-------+--------+----------+-------------------------------------------------------------------------------------+
; Port  ; Type   ; Severity ; Details                                                                             ;
+-------+--------+----------+-------------------------------------------------------------------------------------+
; rst_n ; Input  ; Info     ; Stuck at VCC                                                                        ;
; rx_dv ; Output ; Info     ; Connected to dangling logic. Logic that only feeds a dangling port will be removed. ;
+-------+--------+----------+-------------------------------------------------------------------------------------+


+-----------------------------------------------------+
; Post-Synthesis Netlist Statistics for Top Partition ;
+-----------------------+-----------------------------+
; Type                  ; Count                       ;
+-----------------------+-----------------------------+
; boundary_port         ; 10                          ;
; cycloneiii_lcell_comb ; 2                           ;
;     normal            ; 2                           ;
;         0 data inputs ; 2                           ;
;                       ;                             ;
; Max LUT depth         ; 0.00                        ;
; Average LUT depth     ; 0.00                        ;
+-----------------------+-----------------------------+


+-------------------------------+
; Elapsed Time Per Partition    ;
+----------------+--------------+
; Partition Name ; Elapsed Time ;
+----------------+--------------+
; Top            ; 00:00:00     ;
+----------------+--------------+


+-------------------------------+
; Analysis & Synthesis Messages ;
+-------------------------------+
Info: *******************************************************************
Info: Running Quartus Prime Analysis & Synthesis
    Info: Version 23.1std.1 Build 993 05/14/2024 SC Lite Edition
    Info: Processing started: Tue May 20 23:25:00 2025
Info: Command: quartus_map --read_settings_files=on --write_settings_files=off uart -c uart
Warning (18236): Number of processors has not been specified which may cause overloading on shared machines.  Set the global assignment NUM_PARALLEL_PROCESSORS in your QSF to an appropriate value for best performance.
Info (20030): Parallel compilation is enabled and will use 4 of the 4 processors detected
Info (12021): Found 1 design units, including 1 entities, in source file uart_rx.v
    Info (12023): Found entity 1: uart_rx File: /home/ilya/Desktop/baikal/drec-fpga-intro/problems/2025/04_uart_rx/uart_rx.v Line: 1
Info (12021): Found 1 design units, including 1 entities, in source file seg7_decoder.v
    Info (12023): Found entity 1: seg7_decoder File: /home/ilya/Desktop/baikal/drec-fpga-intro/problems/2025/04_uart_rx/seg7_decoder.v Line: 1
Info (12021): Found 1 design units, including 1 entities, in source file top.v
    Info (12023): Found entity 1: top File: /home/ilya/Desktop/baikal/drec-fpga-intro/problems/2025/04_uart_rx/top.v Line: 1
Warning (10222): Verilog HDL Parameter Declaration warning at uart_rx.v(12): Parameter Declaration in module "uart_rx" behaves as a Local Parameter Declaration because the module has a Module Parameter Port List File: /home/ilya/Desktop/baikal/drec-fpga-intro/problems/2025/04_uart_rx/uart_rx.v Line: 12
Warning (10222): Verilog HDL Parameter Declaration warning at uart_rx.v(13): Parameter Declaration in module "uart_rx" behaves as a Local Parameter Declaration because the module has a Module Parameter Port List File: /home/ilya/Desktop/baikal/drec-fpga-intro/problems/2025/04_uart_rx/uart_rx.v Line: 13
Warning (10222): Verilog HDL Parameter Declaration warning at uart_rx.v(14): Parameter Declaration in module "uart_rx" behaves as a Local Parameter Declaration because the module has a Module Parameter Port List File: /home/ilya/Desktop/baikal/drec-fpga-intro/problems/2025/04_uart_rx/uart_rx.v Line: 14
Warning (10222): Verilog HDL Parameter Declaration warning at uart_rx.v(15): Parameter Declaration in module "uart_rx" behaves as a Local Parameter Declaration because the module has a Module Parameter Port List File: /home/ilya/Desktop/baikal/drec-fpga-intro/problems/2025/04_uart_rx/uart_rx.v Line: 15
Warning (10222): Verilog HDL Parameter Declaration warning at uart_rx.v(16): Parameter Declaration in module "uart_rx" behaves as a Local Parameter Declaration because the module has a Module Parameter Port List File: /home/ilya/Desktop/baikal/drec-fpga-intro/problems/2025/04_uart_rx/uart_rx.v Line: 16
Info (12127): Elaborating entity "top" for the top level hierarchy
Info (12128): Elaborating entity "uart_rx" for hierarchy "uart_rx:uart_rx_inst" File: /home/ilya/Desktop/baikal/drec-fpga-intro/problems/2025/04_uart_rx/top.v Line: 17
Warning (10230): Verilog HDL assignment warning at uart_rx.v(60): truncated value with size 32 to match size of target (8) File: /home/ilya/Desktop/baikal/drec-fpga-intro/problems/2025/04_uart_rx/uart_rx.v Line: 60
Warning (10230): Verilog HDL assignment warning at uart_rx.v(65): truncated value with size 32 to match size of target (8) File: /home/ilya/Desktop/baikal/drec-fpga-intro/problems/2025/04_uart_rx/uart_rx.v Line: 65
Warning (10230): Verilog HDL assignment warning at uart_rx.v(78): truncated value with size 32 to match size of target (8) File: /home/ilya/Desktop/baikal/drec-fpga-intro/problems/2025/04_uart_rx/uart_rx.v Line: 78
Warning (10240): Verilog HDL Always Construct warning at uart_rx.v(33): inferring latch(es) for variable "rx_data", which holds its previous value in one or more paths through the always construct File: /home/ilya/Desktop/baikal/drec-fpga-intro/problems/2025/04_uart_rx/uart_rx.v Line: 33
Warning (10240): Verilog HDL Always Construct warning at uart_rx.v(33): inferring latch(es) for variable "rx_byte", which holds its previous value in one or more paths through the always construct File: /home/ilya/Desktop/baikal/drec-fpga-intro/problems/2025/04_uart_rx/uart_rx.v Line: 33
Info (10041): Inferred latch for "rx_byte[0]" at uart_rx.v(33) File: /home/ilya/Desktop/baikal/drec-fpga-intro/problems/2025/04_uart_rx/uart_rx.v Line: 33
Info (10041): Inferred latch for "rx_byte[1]" at uart_rx.v(33) File: /home/ilya/Desktop/baikal/drec-fpga-intro/problems/2025/04_uart_rx/uart_rx.v Line: 33
Info (10041): Inferred latch for "rx_byte[2]" at uart_rx.v(33) File: /home/ilya/Desktop/baikal/drec-fpga-intro/problems/2025/04_uart_rx/uart_rx.v Line: 33
Info (10041): Inferred latch for "rx_byte[3]" at uart_rx.v(33) File: /home/ilya/Desktop/baikal/drec-fpga-intro/problems/2025/04_uart_rx/uart_rx.v Line: 33
Info (10041): Inferred latch for "rx_byte[4]" at uart_rx.v(33) File: /home/ilya/Desktop/baikal/drec-fpga-intro/problems/2025/04_uart_rx/uart_rx.v Line: 33
Info (10041): Inferred latch for "rx_byte[5]" at uart_rx.v(33) File: /home/ilya/Desktop/baikal/drec-fpga-intro/problems/2025/04_uart_rx/uart_rx.v Line: 33
Info (10041): Inferred latch for "rx_byte[6]" at uart_rx.v(33) File: /home/ilya/Desktop/baikal/drec-fpga-intro/problems/2025/04_uart_rx/uart_rx.v Line: 33
Info (10041): Inferred latch for "rx_byte[7]" at uart_rx.v(33) File: /home/ilya/Desktop/baikal/drec-fpga-intro/problems/2025/04_uart_rx/uart_rx.v Line: 33
Info (12128): Elaborating entity "seg7_decoder" for hierarchy "seg7_decoder:decoder" File: /home/ilya/Desktop/baikal/drec-fpga-intro/problems/2025/04_uart_rx/top.v Line: 22
Warning (13024): Output pins are stuck at VCC or GND
    Warning (13410): Pin "seg[0]" is stuck at GND File: /home/ilya/Desktop/baikal/drec-fpga-intro/problems/2025/04_uart_rx/top.v Line: 4
    Warning (13410): Pin "seg[1]" is stuck at GND File: /home/ilya/Desktop/baikal/drec-fpga-intro/problems/2025/04_uart_rx/top.v Line: 4
    Warning (13410): Pin "seg[2]" is stuck at GND File: /home/ilya/Desktop/baikal/drec-fpga-intro/problems/2025/04_uart_rx/top.v Line: 4
    Warning (13410): Pin "seg[3]" is stuck at GND File: /home/ilya/Desktop/baikal/drec-fpga-intro/problems/2025/04_uart_rx/top.v Line: 4
    Warning (13410): Pin "seg[4]" is stuck at GND File: /home/ilya/Desktop/baikal/drec-fpga-intro/problems/2025/04_uart_rx/top.v Line: 4
    Warning (13410): Pin "seg[5]" is stuck at GND File: /home/ilya/Desktop/baikal/drec-fpga-intro/problems/2025/04_uart_rx/top.v Line: 4
    Warning (13410): Pin "seg[6]" is stuck at VCC File: /home/ilya/Desktop/baikal/drec-fpga-intro/problems/2025/04_uart_rx/top.v Line: 4
    Warning (13410): Pin "dp" is stuck at VCC File: /home/ilya/Desktop/baikal/drec-fpga-intro/problems/2025/04_uart_rx/top.v Line: 6
Info (17049): 16 registers lost all their fanouts during netlist optimizations.
Info (16010): Generating hard_block partition "hard_block:auto_generated_inst"
    Info (16011): Adding 0 node(s), including 0 DDIO, 0 PLL, 0 transceiver and 0 LCELL
Warning (21074): Design contains 2 input pin(s) that do not drive logic
    Warning (15610): No output dependent on input pin "clk" File: /home/ilya/Desktop/baikal/drec-fpga-intro/problems/2025/04_uart_rx/top.v Line: 2
    Warning (15610): No output dependent on input pin "rx" File: /home/ilya/Desktop/baikal/drec-fpga-intro/problems/2025/04_uart_rx/top.v Line: 3
Info (21057): Implemented 10 device resources after synthesis - the final resource count might be different
    Info (21058): Implemented 2 input pins
    Info (21059): Implemented 8 output pins
Info: Quartus Prime Analysis & Synthesis was successful. 0 errors, 23 warnings
    Info: Peak virtual memory: 345 megabytes
    Info: Processing ended: Tue May 20 23:25:08 2025
    Info: Elapsed time: 00:00:08
    Info: Total CPU time (on all processors): 00:00:20


