Flow report for 05_cpu
Wed May 21 00:54:29 2025
Quartus Prime Version 23.1std.1 Build 993 05/14/2024 SC Lite Edition


---------------------
; Table of Contents ;
---------------------
  1. Legal Notice
  2. Flow Summary
  3. Flow Settings
  4. Flow Non-Default Global Settings
  5. Flow Elapsed Time
  6. Flow OS Summary
  7. Flow Log
  8. Flow Messages
  9. Flow Suppressed Messages



----------------
; Legal Notice ;
----------------
Copyright (C) 2024  Intel Corporation. All rights reserved.
Your use of Intel Corporation's design tools, logic functions 
and other software and tools, and any partner logic 
functions, and any output files from any of the foregoing 
(including device programming or simulation files), and any 
associated documentation or information are expressly subject 
to the terms and conditions of the Intel Program License 
Subscription Agreement, the Intel Quartus Prime License Agreement,
the Intel FPGA IP License Agreement, or other applicable license
agreement, including, without limitation, that your use is for
the sole purpose of programming logic devices manufactured by
Intel and sold by Intel or its authorized distributors.  Please
refer to the applicable agreement for further details, at
https://fpgasoftware.intel.com/eula.



+-------------------------------------------------------------------------------------+
; Flow Summary                                                                        ;
+------------------------------------+------------------------------------------------+
; Flow Status                        ; Successful - Wed May 21 00:54:26 2025          ;
; Quartus Prime Version              ; 23.1std.1 Build 993 05/14/2024 SC Lite Edition ;
; Revision Name                      ; 05_cpu                                         ;
; Top-level Entity Name              ; system_top                                     ;
; Family                             ; Cyclone IV E                                   ;
; Device                             ; EP4CE15E22C6                                   ;
; Timing Models                      ; Final                                          ;
; Total logic elements               ; 1,562 / 15,408 ( 10 % )                        ;
;     Total combinational functions  ; 1,042 / 15,408 ( 7 % )                         ;
;     Dedicated logic registers      ; 1,095 / 15,408 ( 7 % )                         ;
; Total registers                    ; 1095                                           ;
; Total pins                         ; 10 / 82 ( 12 % )                               ;
; Total virtual pins                 ; 0                                              ;
; Total memory bits                  ; 0 / 516,096 ( 0 % )                            ;
; Embedded Multiplier 9-bit elements ; 0 / 112 ( 0 % )                                ;
; Total PLLs                         ; 0 / 4 ( 0 % )                                  ;
+------------------------------------+------------------------------------------------+


+-----------------------------------------+
; Flow Settings                           ;
+-------------------+---------------------+
; Option            ; Setting             ;
+-------------------+---------------------+
; Start date & time ; 05/21/2025 00:53:34 ;
; Main task         ; Compilation         ;
; Revision Name     ; 05_cpu              ;
+-------------------+---------------------+


+-------------------------------------------------------------------------------------------------------------------------+
; Flow Non-Default Global Settings                                                                                        ;
+-------------------------------------+----------------------------------------+---------------+-------------+------------+
; Assignment Name                     ; Value                                  ; Default Value ; Entity Name ; Section Id ;
+-------------------------------------+----------------------------------------+---------------+-------------+------------+
; COMPILER_SIGNATURE_ID               ; 136824168065780.174777801450835        ; --            ; --          ; --         ;
; MAX_CORE_JUNCTION_TEMP              ; 85                                     ; --            ; --          ; --         ;
; MIN_CORE_JUNCTION_TEMP              ; 0                                      ; --            ; --          ; --         ;
; PARTITION_COLOR                     ; -- (Not supported for targeted family) ; --            ; system_top  ; Top        ;
; PARTITION_FITTER_PRESERVATION_LEVEL ; -- (Not supported for targeted family) ; --            ; system_top  ; Top        ;
; PARTITION_NETLIST_TYPE              ; -- (Not supported for targeted family) ; --            ; system_top  ; Top        ;
; PROJECT_OUTPUT_DIRECTORY            ; output_files                           ; --            ; --          ; --         ;
; TOP_LEVEL_ENTITY                    ; system_top                             ; 05_cpu        ; --          ; --         ;
+-------------------------------------+----------------------------------------+---------------+-------------+------------+


+--------------------------------------------------------------------------------------------------------------------------+
; Flow Elapsed Time                                                                                                        ;
+----------------------+--------------+-------------------------+---------------------+------------------------------------+
; Module Name          ; Elapsed Time ; Average Processors Used ; Peak Virtual Memory ; Total CPU Time (on all processors) ;
+----------------------+--------------+-------------------------+---------------------+------------------------------------+
; Analysis & Synthesis ; 00:00:10     ; 1.0                     ; 393 MB              ; 00:00:22                           ;
; Fitter               ; 00:00:39     ; 1.0                     ; 980 MB              ; 00:00:43                           ;
; Assembler            ; 00:00:00     ; 1.0                     ; 358 MB              ; 00:00:01                           ;
; Timing Analyzer      ; 00:00:02     ; 1.6                     ; 506 MB              ; 00:00:02                           ;
; Total                ; 00:00:51     ; --                      ; --                  ; 00:01:08                           ;
+----------------------+--------------+-------------------------+---------------------+------------------------------------+


+----------------------------------------------------------------------------------------+
; Flow OS Summary                                                                        ;
+----------------------+------------------+----------------+------------+----------------+
; Module Name          ; Machine Hostname ; OS Name        ; OS Version ; Processor type ;
+----------------------+------------------+----------------+------------+----------------+
; Analysis & Synthesis ; ilya-NBR-WAX9    ; Ubuntu 22.04.5 ; 22         ; x86_64         ;
; Fitter               ; ilya-NBR-WAX9    ; Ubuntu 22.04.5 ; 22         ; x86_64         ;
; Assembler            ; ilya-NBR-WAX9    ; Ubuntu 22.04.5 ; 22         ; x86_64         ;
; Timing Analyzer      ; ilya-NBR-WAX9    ; Ubuntu 22.04.5 ; 22         ; x86_64         ;
+----------------------+------------------+----------------+------------+----------------+


------------
; Flow Log ;
------------
quartus_map --read_settings_files=on --write_settings_files=off 05_cpu -c 05_cpu
quartus_fit --read_settings_files=off --write_settings_files=off 05_cpu -c 05_cpu
quartus_asm --read_settings_files=off --write_settings_files=off 05_cpu -c 05_cpu
quartus_sta 05_cpu -c 05_cpu



