Analysis & Synthesis report for 05_cpu
Wed May 21 00:53:44 2025
Quartus Prime Version 23.1std.1 Build 993 05/14/2024 SC Lite Edition


---------------------
; Table of Contents ;
---------------------
  1. Legal Notice
  2. Analysis & Synthesis Summary
  3. Analysis & Synthesis Settings
  4. Parallel Compilation
  5. Analysis & Synthesis Source Files Read
  6. Analysis & Synthesis Resource Usage Summary
  7. Analysis & Synthesis Resource Utilization by Entity
  8. Registers Removed During Synthesis
  9. Removed Registers Triggering Further Register Optimizations
 10. General Register Statistics
 11. Multiplexer Restructuring Statistics (Restructuring Performed)
 12. Parameter Settings for User Entity Instance: imem:imem_inst
 13. Parameter Settings for User Entity Instance: dmem_mmio:dmem_inst
 14. Port Connectivity Checks: "riscv_single_cycle:cpu"
 15. Port Connectivity Checks: "dmem_mmio:dmem_inst"
 16. Post-Synthesis Netlist Statistics for Top Partition
 17. Elapsed Time Per Partition
 18. Analysis & Synthesis Messages



----------------
; Legal Notice ;
----------------
Copyright (C) 2024  Intel Corporation. All rights reserved.
Your use of Intel Corporation's design tools, logic functions 
and other software and tools, and any partner logic 
functions, and any output files from any of the foregoing 
(including device programming or simulation files), and any 
associated documentation or information are expressly subject 
to the terms and conditions of the Intel Program License 
Subscription Agreement, the Intel Quartus Prime License Agreement,
the Intel FPGA IP License Agreement, or other applicable license
agreement, including, without limitation, that your use is for
the sole purpose of programming logic devices manufactured by
Intel and sold by Intel or its authorized distributors.  Please
refer to the applicable agreement for further details, at
https://fpgasoftware.intel.com/eula.



+-------------------------------------------------------------------------------------+
; Analysis & Synthesis Summary                                                        ;
+------------------------------------+------------------------------------------------+
; Analysis & Synthesis Status        ; Successful - Wed May 21 00:53:44 2025          ;
; Quartus Prime Version              ; 23.1std.1 Build 993 05/14/2024 SC Lite Edition ;
; Revision Name                      ; 05_cpu                                         ;
; Top-level Entity Name              ; system_top                                     ;
; Family                             ; Cyclone IV E                                   ;
; Total logic elements               ; 2,110                                          ;
;     Total combinational functions  ; 1,042                                          ;
;     Dedicated logic registers      ; 1,095                                          ;
; Total registers                    ; 1095                                           ;
; Total pins                         ; 10                                             ;
; Total virtual pins                 ; 0                                              ;
; Total memory bits                  ; 0                                              ;
; Embedded Multiplier 9-bit elements ; 0                                              ;
; Total PLLs                         ; 0                                              ;
+------------------------------------+------------------------------------------------+


+------------------------------------------------------------------------------------------------------------+
; Analysis & Synthesis Settings                                                                              ;
+------------------------------------------------------------------+--------------------+--------------------+
; Option                                                           ; Setting            ; Default Value      ;
+------------------------------------------------------------------+--------------------+--------------------+
; Device                                                           ; EP4CE15E22C6       ;                    ;
; Top-level entity name                                            ; system_top         ; 05_cpu             ;
; Family name                                                      ; Cyclone IV E       ; Cyclone V          ;
; Use smart compilation                                            ; Off                ; Off                ;
; Enable parallel Assembler and Timing Analyzer during compilation ; On                 ; On                 ;
; Enable compact report table                                      ; Off                ; Off                ;
; Restructure Multiplexers                                         ; Auto               ; Auto               ;
; Create Debugging Nodes for IP Cores                              ; Off                ; Off                ;
; Preserve fewer node names                                        ; On                 ; On                 ;
; Intel FPGA IP Evaluation Mode                                    ; Enable             ; Enable             ;
; Verilog Version                                                  ; Verilog_2001       ; Verilog_2001       ;
; VHDL Version                                                     ; VHDL_1993          ; VHDL_1993          ;
; State Machine Processing                                         ; Auto               ; Auto               ;
; Safe State Machine                                               ; Off                ; Off                ;
; Extract Verilog State Machines                                   ; On                 ; On                 ;
; Extract VHDL State Machines                                      ; On                 ; On                 ;
; Ignore Verilog initial constructs                                ; Off                ; Off                ;
; Iteration limit for constant Verilog loops                       ; 5000               ; 5000               ;
; Iteration limit for non-constant Verilog loops                   ; 250                ; 250                ;
; Add Pass-Through Logic to Inferred RAMs                          ; On                 ; On                 ;
; Infer RAMs from Raw Logic                                        ; On                 ; On                 ;
; Parallel Synthesis                                               ; On                 ; On                 ;
; DSP Block Balancing                                              ; Auto               ; Auto               ;
; NOT Gate Push-Back                                               ; On                 ; On                 ;
; Power-Up Don't Care                                              ; On                 ; On                 ;
; Remove Redundant Logic Cells                                     ; Off                ; Off                ;
; Remove Duplicate Registers                                       ; On                 ; On                 ;
; Ignore CARRY Buffers                                             ; Off                ; Off                ;
; Ignore CASCADE Buffers                                           ; Off                ; Off                ;
; Ignore GLOBAL Buffers                                            ; Off                ; Off                ;
; Ignore ROW GLOBAL Buffers                                        ; Off                ; Off                ;
; Ignore LCELL Buffers                                             ; Off                ; Off                ;
; Ignore SOFT Buffers                                              ; On                 ; On                 ;
; Limit AHDL Integers to 32 Bits                                   ; Off                ; Off                ;
; Optimization Technique                                           ; Balanced           ; Balanced           ;
; Carry Chain Length                                               ; 70                 ; 70                 ;
; Auto Carry Chains                                                ; On                 ; On                 ;
; Auto Open-Drain Pins                                             ; On                 ; On                 ;
; Perform WYSIWYG Primitive Resynthesis                            ; Off                ; Off                ;
; Auto ROM Replacement                                             ; On                 ; On                 ;
; Auto RAM Replacement                                             ; On                 ; On                 ;
; Auto DSP Block Replacement                                       ; On                 ; On                 ;
; Auto Shift Register Replacement                                  ; Auto               ; Auto               ;
; Allow Shift Register Merging across Hierarchies                  ; Auto               ; Auto               ;
; Auto Clock Enable Replacement                                    ; On                 ; On                 ;
; Strict RAM Replacement                                           ; Off                ; Off                ;
; Allow Synchronous Control Signals                                ; On                 ; On                 ;
; Force Use of Synchronous Clear Signals                           ; Off                ; Off                ;
; Auto RAM Block Balancing                                         ; On                 ; On                 ;
; Auto RAM to Logic Cell Conversion                                ; Off                ; Off                ;
; Auto Resource Sharing                                            ; Off                ; Off                ;
; Allow Any RAM Size For Recognition                               ; Off                ; Off                ;
; Allow Any ROM Size For Recognition                               ; Off                ; Off                ;
; Allow Any Shift Register Size For Recognition                    ; Off                ; Off                ;
; Use LogicLock Constraints during Resource Balancing              ; On                 ; On                 ;
; Ignore translate_off and synthesis_off directives                ; Off                ; Off                ;
; Timing-Driven Synthesis                                          ; On                 ; On                 ;
; Report Parameter Settings                                        ; On                 ; On                 ;
; Report Source Assignments                                        ; On                 ; On                 ;
; Report Connectivity Checks                                       ; On                 ; On                 ;
; Ignore Maximum Fan-Out Assignments                               ; Off                ; Off                ;
; Synchronization Register Chain Length                            ; 2                  ; 2                  ;
; Power Optimization During Synthesis                              ; Normal compilation ; Normal compilation ;
; HDL message level                                                ; Level2             ; Level2             ;
; Suppress Register Optimization Related Messages                  ; Off                ; Off                ;
; Number of Removed Registers Reported in Synthesis Report         ; 5000               ; 5000               ;
; Number of Swept Nodes Reported in Synthesis Report               ; 5000               ; 5000               ;
; Number of Inverted Registers Reported in Synthesis Report        ; 100                ; 100                ;
; Clock MUX Protection                                             ; On                 ; On                 ;
; Auto Gated Clock Conversion                                      ; Off                ; Off                ;
; Block Design Naming                                              ; Auto               ; Auto               ;
; SDC constraint protection                                        ; Off                ; Off                ;
; Synthesis Effort                                                 ; Auto               ; Auto               ;
; Shift Register Replacement - Allow Asynchronous Clear Signal     ; On                 ; On                 ;
; Pre-Mapping Resynthesis Optimization                             ; Off                ; Off                ;
; Analysis & Synthesis Message Level                               ; Medium             ; Medium             ;
; Disable Register Merging Across Hierarchies                      ; Auto               ; Auto               ;
; Resource Aware Inference For Block RAM                           ; On                 ; On                 ;
+------------------------------------------------------------------+--------------------+--------------------+


+------------------------------------------+
; Parallel Compilation                     ;
+----------------------------+-------------+
; Processors                 ; Number      ;
+----------------------------+-------------+
; Number detected on machine ; 8           ;
; Maximum allowed            ; 4           ;
;                            ;             ;
; Average used               ; 1.00        ;
; Maximum used               ; 4           ;
;                            ;             ;
; Usage by Processor         ; % Time Used ;
;     Processor 1            ; 100.0%      ;
;     Processor 2            ;   0.1%      ;
;     Processor 3            ;   0.0%      ;
;     Processor 4            ;   0.0%      ;
+----------------------------+-------------+


+-----------------------------------------------------------------------------------------------------------------------------------------------------------------------------+
; Analysis & Synthesis Source Files Read                                                                                                                                      ;
+----------------------------------+-----------------+------------------------+-------------------------------------------------------------------------------------+---------+
; File Name with User-Entered Path ; Used in Netlist ; File Type              ; File Name with Absolute Path                                                        ; Library ;
+----------------------------------+-----------------+------------------------+-------------------------------------------------------------------------------------+---------+
; imem.v                           ; yes             ; User Verilog HDL File  ; /home/ilya/Desktop/baikal/drec-fpga-intro/problems/2025/05_cpu/imem.v               ;         ;
; dmem_mmio.v                      ; yes             ; User Verilog HDL File  ; /home/ilya/Desktop/baikal/drec-fpga-intro/problems/2025/05_cpu/dmem_mmio.v          ;         ;
; regfile.v                        ; yes             ; User Verilog HDL File  ; /home/ilya/Desktop/baikal/drec-fpga-intro/problems/2025/05_cpu/regfile.v            ;         ;
; alu.v                            ; yes             ; User Verilog HDL File  ; /home/ilya/Desktop/baikal/drec-fpga-intro/problems/2025/05_cpu/alu.v                ;         ;
; riscv_single_cycle.v             ; yes             ; User Verilog HDL File  ; /home/ilya/Desktop/baikal/drec-fpga-intro/problems/2025/05_cpu/riscv_single_cycle.v ;         ;
; seg7_display.v                   ; yes             ; User Verilog HDL File  ; /home/ilya/Desktop/baikal/drec-fpga-intro/problems/2025/05_cpu/seg7_display.v       ;         ;
; system_top.v                     ; yes             ; User Verilog HDL File  ; /home/ilya/Desktop/baikal/drec-fpga-intro/problems/2025/05_cpu/system_top.v         ;         ;
+----------------------------------+-----------------+------------------------+-------------------------------------------------------------------------------------+---------+


+---------------------------------------------------------+
; Analysis & Synthesis Resource Usage Summary             ;
+---------------------------------------------+-----------+
; Resource                                    ; Usage     ;
+---------------------------------------------+-----------+
; Estimated Total logic elements              ; 2,110     ;
;                                             ;           ;
; Total combinational functions               ; 1042      ;
; Logic element usage by number of LUT inputs ;           ;
;     -- 4 input functions                    ; 958       ;
;     -- 3 input functions                    ; 68        ;
;     -- <=2 input functions                  ; 16        ;
;                                             ;           ;
; Logic elements by mode                      ;           ;
;     -- normal mode                          ; 1008      ;
;     -- arithmetic mode                      ; 34        ;
;                                             ;           ;
; Total registers                             ; 1095      ;
;     -- Dedicated logic registers            ; 1095      ;
;     -- I/O registers                        ; 0         ;
;                                             ;           ;
; I/O pins                                    ; 10        ;
;                                             ;           ;
; Embedded Multiplier 9-bit elements          ; 0         ;
;                                             ;           ;
; Maximum fan-out node                        ; clk~input ;
; Maximum fan-out                             ; 1095      ;
; Total fan-out                               ; 7387      ;
; Average fan-out                             ; 3.42      ;
+---------------------------------------------+-----------+


+----------------------------------------------------------------------------------------------------------------------------------------------------------------------------------------------------------------------------------------------+
; Analysis & Synthesis Resource Utilization by Entity                                                                                                                                                                                          ;
+-----------------------------+---------------------+---------------------------+-------------+--------------+---------+-----------+------+--------------+-------------------------------------------------+--------------------+--------------+
; Compilation Hierarchy Node  ; Combinational ALUTs ; Dedicated Logic Registers ; Memory Bits ; DSP Elements ; DSP 9x9 ; DSP 18x18 ; Pins ; Virtual Pins ; Full Hierarchy Name                             ; Entity Name        ; Library Name ;
+-----------------------------+---------------------+---------------------------+-------------+--------------+---------+-----------+------+--------------+-------------------------------------------------+--------------------+--------------+
; |system_top                 ; 1042 (0)            ; 1095 (0)                  ; 0           ; 0            ; 0       ; 0         ; 10   ; 0            ; |system_top                                     ; system_top         ; work         ;
;    |dmem_mmio:dmem_inst|    ; 836 (836)           ; 1028 (1028)               ; 0           ; 0            ; 0       ; 0         ; 0    ; 0            ; |system_top|dmem_mmio:dmem_inst                 ; dmem_mmio          ; work         ;
;    |imem:imem_inst|         ; 24 (24)             ; 0 (0)                     ; 0           ; 0            ; 0       ; 0         ; 0    ; 0            ; |system_top|imem:imem_inst                      ; imem               ; work         ;
;    |riscv_single_cycle:cpu| ; 175 (109)           ; 67 (11)                   ; 0           ; 0            ; 0       ; 0         ; 0    ; 0            ; |system_top|riscv_single_cycle:cpu              ; riscv_single_cycle ; work         ;
;       |alu:alu_inst|        ; 18 (18)             ; 0 (0)                     ; 0           ; 0            ; 0       ; 0         ; 0    ; 0            ; |system_top|riscv_single_cycle:cpu|alu:alu_inst ; alu                ; work         ;
;       |regfile:rf|          ; 48 (48)             ; 56 (56)                   ; 0           ; 0            ; 0       ; 0         ; 0    ; 0            ; |system_top|riscv_single_cycle:cpu|regfile:rf   ; regfile            ; work         ;
;    |seg7_display:seg7|      ; 7 (7)               ; 0 (0)                     ; 0           ; 0            ; 0       ; 0         ; 0    ; 0            ; |system_top|seg7_display:seg7                   ; seg7_display       ; work         ;
+-----------------------------+---------------------+---------------------------+-------------+--------------+---------+-----------+------+--------------+-------------------------------------------------+--------------------+--------------+
Note: For table entries with two numbers listed, the numbers in parentheses indicate the number of resources of the given type used by the specific entity alone. The numbers listed outside of parentheses indicate the total resources of the given type used by the specific entity and all of its sub-entities in the hierarchy.


+----------------------------------------------------------------------------------------+
; Registers Removed During Synthesis                                                     ;
+------------------------------------------+---------------------------------------------+
; Register name                            ; Reason for Removal                          ;
+------------------------------------------+---------------------------------------------+
; riscv_single_cycle:cpu|pc[0]             ; Stuck at GND due to stuck port data_in      ;
; riscv_single_cycle:cpu|pc[12..31]        ; Lost fanout                                 ;
; riscv_single_cycle:cpu|regfile:rf|regs~0 ; Stuck at GND due to stuck port clock_enable ;
; riscv_single_cycle:cpu|regfile:rf|regs~2 ; Stuck at GND due to stuck port clock_enable ;
; riscv_single_cycle:cpu|regfile:rf|regs~1 ; Stuck at GND due to stuck port clock_enable ;
; riscv_single_cycle:cpu|regfile:rf|regs~3 ; Stuck at GND due to stuck port clock_enable ;
; riscv_single_cycle:cpu|regfile:rf|regs~4 ; Stuck at GND due to stuck port clock_enable ;
; riscv_single_cycle:cpu|regfile:rf|regs~5 ; Stuck at GND due to stuck port clock_enable ;
; riscv_single_cycle:cpu|regfile:rf|regs~6 ; Stuck at GND due to stuck port clock_enable ;
; riscv_single_cycle:cpu|regfile:rf|regs~7 ; Stuck at GND due to stuck port clock_enable ;
; Total Number of Removed Registers = 29   ;                                             ;
+------------------------------------------+---------------------------------------------+


+--------------------------------------------------------------------------------------------------------------------------+
; Removed Registers Triggering Further Register Optimizations                                                              ;
+------------------------------+---------------------------+---------------------------------------------------------------+
; Register name                ; Reason for Removal        ; Registers Removed due to This Register                        ;
+------------------------------+---------------------------+---------------------------------------------------------------+
; riscv_single_cycle:cpu|pc[0] ; Stuck at GND              ; riscv_single_cycle:cpu|pc[12], riscv_single_cycle:cpu|pc[13], ;
;                              ; due to stuck port data_in ; riscv_single_cycle:cpu|pc[14], riscv_single_cycle:cpu|pc[15], ;
;                              ;                           ; riscv_single_cycle:cpu|pc[16], riscv_single_cycle:cpu|pc[17], ;
;                              ;                           ; riscv_single_cycle:cpu|pc[18], riscv_single_cycle:cpu|pc[19], ;
;                              ;                           ; riscv_single_cycle:cpu|pc[20], riscv_single_cycle:cpu|pc[21], ;
;                              ;                           ; riscv_single_cycle:cpu|pc[22], riscv_single_cycle:cpu|pc[23], ;
;                              ;                           ; riscv_single_cycle:cpu|pc[24], riscv_single_cycle:cpu|pc[25], ;
;                              ;                           ; riscv_single_cycle:cpu|pc[26], riscv_single_cycle:cpu|pc[27], ;
;                              ;                           ; riscv_single_cycle:cpu|pc[28], riscv_single_cycle:cpu|pc[29], ;
;                              ;                           ; riscv_single_cycle:cpu|pc[30], riscv_single_cycle:cpu|pc[31]  ;
+------------------------------+---------------------------+---------------------------------------------------------------+


+------------------------------------------------------+
; General Register Statistics                          ;
+----------------------------------------------+-------+
; Statistic                                    ; Value ;
+----------------------------------------------+-------+
; Total registers                              ; 1095  ;
; Number of registers using Synchronous Clear  ; 0     ;
; Number of registers using Synchronous Load   ; 10    ;
; Number of registers using Asynchronous Clear ; 11    ;
; Number of registers using Asynchronous Load  ; 0     ;
; Number of registers using Clock Enable       ; 1084  ;
; Number of registers using Preset             ; 0     ;
+----------------------------------------------+-------+


+---------------------------------------------------------------------------------------------------------------------------------------------------------------------+
; Multiplexer Restructuring Statistics (Restructuring Performed)                                                                                                      ;
+--------------------+-----------+---------------+----------------------+------------------------+------------+-------------------------------------------------------+
; Multiplexer Inputs ; Bus Width ; Baseline Area ; Area if Restructured ; Saving if Restructured ; Registered ; Example Multiplexer Output                            ;
+--------------------+-----------+---------------+----------------------+------------------------+------------+-------------------------------------------------------+
; 7:1                ; 29 bits   ; 116 LEs       ; 29 LEs               ; 87 LEs                 ; Yes        ; |system_top|riscv_single_cycle:cpu|pc[19]             ;
; 5:1                ; 8 bits    ; 24 LEs        ; 16 LEs               ; 8 LEs                  ; No         ; |system_top|riscv_single_cycle:cpu|alu:alu_inst|Mux30 ;
; 16:1               ; 5 bits    ; 50 LEs        ; 20 LEs               ; 30 LEs                 ; No         ; |system_top|riscv_single_cycle:cpu|Selector93         ;
; 16:1               ; 2 bits    ; 20 LEs        ; 4 LEs                ; 16 LEs                 ; No         ; |system_top|riscv_single_cycle:cpu|Selector96         ;
; 17:1               ; 8 bits    ; 88 LEs        ; 16 LEs               ; 72 LEs                 ; No         ; |system_top|riscv_single_cycle:cpu|Selector25         ;
+--------------------+-----------+---------------+----------------------+------------------------+------------+-------------------------------------------------------+


+-------------------------------------------------------------+
; Parameter Settings for User Entity Instance: imem:imem_inst ;
+----------------+----------+---------------------------------+
; Parameter Name ; Value    ; Type                            ;
+----------------+----------+---------------------------------+
; ADDR_WIDTH     ; 10       ; Signed Integer                  ;
; DATA_WIDTH     ; 32       ; Signed Integer                  ;
; INIT_FILE      ; prog.hex ; String                          ;
+----------------+----------+---------------------------------+
Note: In order to hide this table in the UI and the text report file, please set the "Show Parameter Settings in Synthesis Report" option in "Analysis and Synthesis Settings -> More Settings" to "Off".


+------------------------------------------------------------------+
; Parameter Settings for User Entity Instance: dmem_mmio:dmem_inst ;
+----------------+-------+-----------------------------------------+
; Parameter Name ; Value ; Type                                    ;
+----------------+-------+-----------------------------------------+
; ADDR_WIDTH     ; 10    ; Signed Integer                          ;
; DATA_WIDTH     ; 32    ; Signed Integer                          ;
+----------------+-------+-----------------------------------------+
Note: In order to hide this table in the UI and the text report file, please set the "Show Parameter Settings in Synthesis Report" option in "Analysis and Synthesis Settings -> More Settings" to "Off".


+-----------------------------------------------------------------------------------------------------------------------------+
; Port Connectivity Checks: "riscv_single_cycle:cpu"                                                                          ;
+-------------------+--------+----------+-------------------------------------------------------------------------------------+
; Port              ; Type   ; Severity ; Details                                                                             ;
+-------------------+--------+----------+-------------------------------------------------------------------------------------+
; imem_addr[31..12] ; Output ; Info     ; Connected to dangling logic. Logic that only feeds a dangling port will be removed. ;
; imem_addr[1..0]   ; Output ; Info     ; Connected to dangling logic. Logic that only feeds a dangling port will be removed. ;
; dmem_addr[31..12] ; Output ; Info     ; Connected to dangling logic. Logic that only feeds a dangling port will be removed. ;
; dmem_addr[1..0]   ; Output ; Info     ; Connected to dangling logic. Logic that only feeds a dangling port will be removed. ;
+-------------------+--------+----------+-------------------------------------------------------------------------------------+


+-------------------------------------------------------------------------------------------------------------------+
; Port Connectivity Checks: "dmem_mmio:dmem_inst"                                                                   ;
+---------+--------+----------+-------------------------------------------------------------------------------------+
; Port    ; Type   ; Severity ; Details                                                                             ;
+---------+--------+----------+-------------------------------------------------------------------------------------+
; mmio_we ; Output ; Info     ; Connected to dangling logic. Logic that only feeds a dangling port will be removed. ;
+---------+--------+----------+-------------------------------------------------------------------------------------+


+-----------------------------------------------------+
; Post-Synthesis Netlist Statistics for Top Partition ;
+-----------------------+-----------------------------+
; Type                  ; Count                       ;
+-----------------------+-----------------------------+
; boundary_port         ; 10                          ;
; cycloneiii_ff         ; 1095                        ;
;     CLR               ; 1                           ;
;     CLR SLD           ; 10                          ;
;     ENA               ; 1084                        ;
; cycloneiii_lcell_comb ; 1044                        ;
;     arith             ; 34                          ;
;         2 data inputs ; 9                           ;
;         3 data inputs ; 25                          ;
;     normal            ; 1010                        ;
;         0 data inputs ; 2                           ;
;         1 data inputs ; 2                           ;
;         2 data inputs ; 5                           ;
;         3 data inputs ; 43                          ;
;         4 data inputs ; 958                         ;
;                       ;                             ;
; Max LUT depth         ; 16.50                       ;
; Average LUT depth     ; 10.31                       ;
+-----------------------+-----------------------------+


+-------------------------------+
; Elapsed Time Per Partition    ;
+----------------+--------------+
; Partition Name ; Elapsed Time ;
+----------------+--------------+
; Top            ; 00:00:02     ;
+----------------+--------------+


+-------------------------------+
; Analysis & Synthesis Messages ;
+-------------------------------+
Info: *******************************************************************
Info: Running Quartus Prime Analysis & Synthesis
    Info: Version 23.1std.1 Build 993 05/14/2024 SC Lite Edition
    Info: Processing started: Wed May 21 00:53:34 2025
Info: Command: quartus_map --read_settings_files=on --write_settings_files=off 05_cpu -c 05_cpu
Warning (18236): Number of processors has not been specified which may cause overloading on shared machines.  Set the global assignment NUM_PARALLEL_PROCESSORS in your QSF to an appropriate value for best performance.
Info (20030): Parallel compilation is enabled and will use 4 of the 4 processors detected
Info (12021): Found 1 design units, including 1 entities, in source file imem.v
    Info (12023): Found entity 1: imem File: /home/ilya/Desktop/baikal/drec-fpga-intro/problems/2025/05_cpu/imem.v Line: 1
Info (12021): Found 1 design units, including 1 entities, in source file dmem_mmio.v
    Info (12023): Found entity 1: dmem_mmio File: /home/ilya/Desktop/baikal/drec-fpga-intro/problems/2025/05_cpu/dmem_mmio.v Line: 1
Info (12021): Found 1 design units, including 1 entities, in source file regfile.v
    Info (12023): Found entity 1: regfile File: /home/ilya/Desktop/baikal/drec-fpga-intro/problems/2025/05_cpu/regfile.v Line: 1
Info (12021): Found 1 design units, including 1 entities, in source file alu.v
    Info (12023): Found entity 1: alu File: /home/ilya/Desktop/baikal/drec-fpga-intro/problems/2025/05_cpu/alu.v Line: 1
Info (12021): Found 1 design units, including 1 entities, in source file riscv_single_cycle.v
    Info (12023): Found entity 1: riscv_single_cycle File: /home/ilya/Desktop/baikal/drec-fpga-intro/problems/2025/05_cpu/riscv_single_cycle.v Line: 1
Info (12021): Found 1 design units, including 1 entities, in source file seg7_display.v
    Info (12023): Found entity 1: seg7_display File: /home/ilya/Desktop/baikal/drec-fpga-intro/problems/2025/05_cpu/seg7_display.v Line: 1
Info (12021): Found 1 design units, including 1 entities, in source file system_top.v
    Info (12023): Found entity 1: system_top File: /home/ilya/Desktop/baikal/drec-fpga-intro/problems/2025/05_cpu/system_top.v Line: 1
Warning (10236): Verilog HDL Implicit Net warning at riscv_single_cycle.v(182): created implicit net for "mmio_data" File: /home/ilya/Desktop/baikal/drec-fpga-intro/problems/2025/05_cpu/riscv_single_cycle.v Line: 182
Warning (10236): Verilog HDL Implicit Net warning at riscv_single_cycle.v(183): created implicit net for "mmio_we" File: /home/ilya/Desktop/baikal/drec-fpga-intro/problems/2025/05_cpu/riscv_single_cycle.v Line: 183
Info (12127): Elaborating entity "system_top" for the top level hierarchy
Info (12128): Elaborating entity "imem" for hierarchy "imem:imem_inst" File: /home/ilya/Desktop/baikal/drec-fpga-intro/problems/2025/05_cpu/system_top.v Line: 15
Warning (10850): Verilog HDL warning at imem.v(10): number of words (6) in memory file does not match the number of elements in the address range [0:1023] File: /home/ilya/Desktop/baikal/drec-fpga-intro/problems/2025/05_cpu/imem.v Line: 10
Warning (10030): Net "mem.data_a" at imem.v(9) has no driver or initial value, using a default initial value '0' File: /home/ilya/Desktop/baikal/drec-fpga-intro/problems/2025/05_cpu/imem.v Line: 9
Warning (10030): Net "mem.waddr_a" at imem.v(9) has no driver or initial value, using a default initial value '0' File: /home/ilya/Desktop/baikal/drec-fpga-intro/problems/2025/05_cpu/imem.v Line: 9
Warning (10030): Net "mem.we_a" at imem.v(9) has no driver or initial value, using a default initial value '0' File: /home/ilya/Desktop/baikal/drec-fpga-intro/problems/2025/05_cpu/imem.v Line: 9
Info (12128): Elaborating entity "dmem_mmio" for hierarchy "dmem_mmio:dmem_inst" File: /home/ilya/Desktop/baikal/drec-fpga-intro/problems/2025/05_cpu/system_top.v Line: 25
Info (12128): Elaborating entity "riscv_single_cycle" for hierarchy "riscv_single_cycle:cpu" File: /home/ilya/Desktop/baikal/drec-fpga-intro/problems/2025/05_cpu/system_top.v Line: 36
Warning (10036): Verilog HDL or VHDL warning at riscv_single_cycle.v(182): object "mmio_data" assigned a value but never read File: /home/ilya/Desktop/baikal/drec-fpga-intro/problems/2025/05_cpu/riscv_single_cycle.v Line: 182
Warning (10036): Verilog HDL or VHDL warning at riscv_single_cycle.v(183): object "mmio_we" assigned a value but never read File: /home/ilya/Desktop/baikal/drec-fpga-intro/problems/2025/05_cpu/riscv_single_cycle.v Line: 183
Warning (10230): Verilog HDL assignment warning at riscv_single_cycle.v(182): truncated value with size 32 to match size of target (1) File: /home/ilya/Desktop/baikal/drec-fpga-intro/problems/2025/05_cpu/riscv_single_cycle.v Line: 182
Info (12128): Elaborating entity "regfile" for hierarchy "riscv_single_cycle:cpu|regfile:rf" File: /home/ilya/Desktop/baikal/drec-fpga-intro/problems/2025/05_cpu/riscv_single_cycle.v Line: 51
Warning (10230): Verilog HDL assignment warning at regfile.v(12): truncated value with size 32 to match size of target (8) File: /home/ilya/Desktop/baikal/drec-fpga-intro/problems/2025/05_cpu/regfile.v Line: 12
Info (12128): Elaborating entity "alu" for hierarchy "riscv_single_cycle:cpu|alu:alu_inst" File: /home/ilya/Desktop/baikal/drec-fpga-intro/problems/2025/05_cpu/riscv_single_cycle.v Line: 62
Info (12128): Elaborating entity "seg7_display" for hierarchy "seg7_display:seg7" File: /home/ilya/Desktop/baikal/drec-fpga-intro/problems/2025/05_cpu/system_top.v Line: 43
Info (276014): Found 2 instances of uninferred RAM logic
    Info (276004): RAM logic "riscv_single_cycle:cpu|regfile:rf|regs" is uninferred due to inappropriate RAM size File: /home/ilya/Desktop/baikal/drec-fpga-intro/problems/2025/05_cpu/regfile.v Line: 8
    Info (276007): RAM logic "dmem_mmio:dmem_inst|mem" is uninferred due to asynchronous read logic File: /home/ilya/Desktop/baikal/drec-fpga-intro/problems/2025/05_cpu/dmem_mmio.v Line: 14
Warning (127007): Memory Initialization File or Hexadecimal (Intel-Format) File "/home/ilya/Desktop/baikal/drec-fpga-intro/problems/2025/05_cpu/db/05_cpu.ram0_imem_c7c8ff6.hdl.mif" contains "don't care" values -- overwriting them with 0s
Warning (13024): Output pins are stuck at VCC or GND
    Warning (13410): Pin "dp" is stuck at VCC File: /home/ilya/Desktop/baikal/drec-fpga-intro/problems/2025/05_cpu/system_top.v Line: 6
Info (286030): Timing-Driven Synthesis is running
Info (17049): 20 registers lost all their fanouts during netlist optimizations.
Info (16010): Generating hard_block partition "hard_block:auto_generated_inst"
    Info (16011): Adding 0 node(s), including 0 DDIO, 0 PLL, 0 transceiver and 0 LCELL
Info (21057): Implemented 2136 device resources after synthesis - the final resource count might be different
    Info (21058): Implemented 2 input pins
    Info (21059): Implemented 8 output pins
    Info (21061): Implemented 2126 logic cells
Info: Quartus Prime Analysis & Synthesis was successful. 0 errors, 14 warnings
    Info: Peak virtual memory: 403 megabytes
    Info: Processing ended: Wed May 21 00:53:44 2025
    Info: Elapsed time: 00:00:10
    Info: Total CPU time (on all processors): 00:00:22


