#! /usr/bin/vvp
:ivl_version "11.0 (stable)";
:ivl_delay_selection "TYPICAL";
:vpi_time_precision - 12;
:vpi_module "/usr/lib/x86_64-linux-gnu/ivl/system.vpi";
:vpi_module "/usr/lib/x86_64-linux-gnu/ivl/vhdl_sys.vpi";
:vpi_module "/usr/lib/x86_64-linux-gnu/ivl/vhdl_textio.vpi";
:vpi_module "/usr/lib/x86_64-linux-gnu/ivl/v2005_math.vpi";
:vpi_module "/usr/lib/x86_64-linux-gnu/ivl/va_math.vpi";
S_0x57e8ddbd73f0 .scope module, "tb_lfsr" "tb_lfsr" 2 3;
 .timescale -9 -12;
v0x57e8ddbeb0e0_0 .var "clk", 0 0;
v0x57e8ddbeb1a0_0 .var "enable", 0 0;
v0x57e8ddbeb270_0 .net "q", 7 0, v0x57e8ddbeae70_0;  1 drivers
v0x57e8ddbeb370_0 .var "rst_n", 0 0;
S_0x57e8ddbd7580 .scope module, "uut" "lfsr" 2 12, 3 1 0, S_0x57e8ddbd73f0;
 .timescale 0 0;
    .port_info 0 /INPUT 1 "clk";
    .port_info 1 /INPUT 1 "rst_n";
    .port_info 2 /INPUT 1 "enable";
    .port_info 3 /OUTPUT 8 "q";
v0x57e8ddb9dfa0_0 .net "clk", 0 0, v0x57e8ddbeb0e0_0;  1 drivers
v0x57e8ddbeacc0_0 .net "enable", 0 0, v0x57e8ddbeb1a0_0;  1 drivers
v0x57e8ddbead80_0 .var "lfsr", 7 0;
v0x57e8ddbeae70_0 .var "q", 7 0;
v0x57e8ddbeaf50_0 .net "rst_n", 0 0, v0x57e8ddbeb370_0;  1 drivers
E_0x57e8ddbd5020/0 .event negedge, v0x57e8ddbeaf50_0;
E_0x57e8ddbd5020/1 .event posedge, v0x57e8ddb9dfa0_0;
E_0x57e8ddbd5020 .event/or E_0x57e8ddbd5020/0, E_0x57e8ddbd5020/1;
    .scope S_0x57e8ddbd7580;
T_0 ;
    %wait E_0x57e8ddbd5020;
    %load/vec4 v0x57e8ddbeaf50_0;
    %nor/r;
    %flag_set/vec4 8;
    %jmp/0xz  T_0.0, 8;
    %pushi/vec4 1, 0, 8;
    %assign/vec4 v0x57e8ddbead80_0, 0;
    %pushi/vec4 1, 0, 8;
    %assign/vec4 v0x57e8ddbeae70_0, 0;
    %jmp T_0.1;
T_0.0 ;
    %load/vec4 v0x57e8ddbeacc0_0;
    %flag_set/vec4 8;
    %jmp/0xz  T_0.2, 8;
    %load/vec4 v0x57e8ddbead80_0;
    %parti/s 1, 6, 4;
    %load/vec4 v0x57e8ddbead80_0;
    %parti/s 1, 5, 4;
    %xor;
    %load/vec4 v0x57e8ddbead80_0;
    %parti/s 1, 4, 4;
    %xor;
    %load/vec4 v0x57e8ddbead80_0;
    %parti/s 1, 7, 4;
    %xor;
    %ix/load 4, 0, 0;
    %ix/load 5, 0, 0;
    %flag_set/imm 4, 0;
    %assign/vec4/off/d v0x57e8ddbead80_0, 4, 5;
    %load/vec4 v0x57e8ddbead80_0;
    %parti/s 7, 0, 2;
    %ix/load 4, 1, 0;
    %ix/load 5, 0, 0;
    %flag_set/imm 4, 0;
    %assign/vec4/off/d v0x57e8ddbead80_0, 4, 5;
    %load/vec4 v0x57e8ddbead80_0;
    %assign/vec4 v0x57e8ddbeae70_0, 0;
T_0.2 ;
T_0.1 ;
    %jmp T_0;
    .thread T_0;
    .scope S_0x57e8ddbd73f0;
T_1 ;
    %delay 5000, 0;
    %load/vec4 v0x57e8ddbeb0e0_0;
    %inv;
    %store/vec4 v0x57e8ddbeb0e0_0, 0, 1;
    %jmp T_1;
    .thread T_1;
    .scope S_0x57e8ddbd73f0;
T_2 ;
    %pushi/vec4 0, 0, 1;
    %store/vec4 v0x57e8ddbeb0e0_0, 0, 1;
    %pushi/vec4 0, 0, 1;
    %store/vec4 v0x57e8ddbeb370_0, 0, 1;
    %pushi/vec4 0, 0, 1;
    %store/vec4 v0x57e8ddbeb1a0_0, 0, 1;
    %delay 10000, 0;
    %pushi/vec4 1, 0, 1;
    %store/vec4 v0x57e8ddbeb370_0, 0, 1;
    %pushi/vec4 1, 0, 1;
    %store/vec4 v0x57e8ddbeb1a0_0, 0, 1;
    %delay 100000, 0;
    %pushi/vec4 0, 0, 1;
    %store/vec4 v0x57e8ddbeb1a0_0, 0, 1;
    %delay 10000, 0;
    %vpi_call 2 40 "$finish" {0 0 0};
    %end;
    .thread T_2;
    .scope S_0x57e8ddbd73f0;
T_3 ;
    %vpi_call 2 45 "$monitor", "Time = %t, q = %h", $time, v0x57e8ddbeb270_0 {0 0 0};
    %end;
    .thread T_3;
# The file index is used to find the file name in the following table.
:file_names 4;
    "N/A";
    "<interactive>";
    "lsfr_testbench.v";
    "lsfr.v";
