#! /usr/bin/vvp
:ivl_version "11.0 (stable)";
:ivl_delay_selection "TYPICAL";
:vpi_time_precision - 12;
:vpi_module "/usr/lib/x86_64-linux-gnu/ivl/system.vpi";
:vpi_module "/usr/lib/x86_64-linux-gnu/ivl/vhdl_sys.vpi";
:vpi_module "/usr/lib/x86_64-linux-gnu/ivl/vhdl_textio.vpi";
:vpi_module "/usr/lib/x86_64-linux-gnu/ivl/v2005_math.vpi";
:vpi_module "/usr/lib/x86_64-linux-gnu/ivl/va_math.vpi";
S_0x55b10051acf0 .scope module, "tb_clk_divider" "tb_clk_divider" 2 3;
 .timescale -9 -12;
P_0x55b1005057e0 .param/l "CLK_IN_FREQ" 1 2 6, +C4<00000010111110101111000010000000>;
P_0x55b100505820 .param/l "CLK_OUT_FREQ" 1 2 7, +C4<00000000000000000010010110000000>;
v0x55b10052f1b0_0 .var "clk_in", 0 0;
v0x55b10052f280_0 .net "clk_out", 0 0, v0x55b10052eec0_0;  1 drivers
v0x55b10052f350_0 .var "rst_n", 0 0;
S_0x55b10051af50 .scope module, "uut" "clk_divider" 2 18, 3 1 0, S_0x55b10051acf0;
 .timescale -9 -12;
    .port_info 0 /INPUT 1 "clk_in";
    .port_info 1 /INPUT 1 "rst_n";
    .port_info 2 /OUTPUT 1 "clk_out";
P_0x55b100507880 .param/l "CLK_IN_FREQ" 0 3 2, +C4<00000010111110101111000010000000>;
P_0x55b1005078c0 .param/l "CLK_OUT_FREQ" 0 3 3, +C4<00000000000000000010010110000000>;
P_0x55b100507900 .param/l "CNT_WIDTH" 1 3 12, +C4<00000000000000000000000000001100>;
P_0x55b100507940 .param/l "DIV_RATIO" 1 3 11, +C4<00000000000000000000101000101100>;
v0x55b100508980_0 .net "clk_in", 0 0, v0x55b10052f1b0_0;  1 drivers
v0x55b10052eec0_0 .var "clk_out", 0 0;
v0x55b10052ef80_0 .var "counter", 11 0;
v0x55b10052f070_0 .net "rst_n", 0 0, v0x55b10052f350_0;  1 drivers
E_0x55b10051c5e0/0 .event negedge, v0x55b10052f070_0;
E_0x55b10051c5e0/1 .event posedge, v0x55b100508980_0;
E_0x55b10051c5e0 .event/or E_0x55b10051c5e0/0, E_0x55b10051c5e0/1;
    .scope S_0x55b10051af50;
T_0 ;
    %wait E_0x55b10051c5e0;
    %load/vec4 v0x55b10052f070_0;
    %nor/r;
    %flag_set/vec4 8;
    %jmp/0xz  T_0.0, 8;
    %pushi/vec4 0, 0, 12;
    %assign/vec4 v0x55b10052ef80_0, 0;
    %pushi/vec4 0, 0, 1;
    %assign/vec4 v0x55b10052eec0_0, 0;
    %jmp T_0.1;
T_0.0 ;
    %load/vec4 v0x55b10052ef80_0;
    %pad/u 32;
    %cmpi/e 2603, 0, 32;
    %jmp/0xz  T_0.2, 4;
    %pushi/vec4 0, 0, 12;
    %assign/vec4 v0x55b10052ef80_0, 0;
    %load/vec4 v0x55b10052eec0_0;
    %inv;
    %assign/vec4 v0x55b10052eec0_0, 0;
    %jmp T_0.3;
T_0.2 ;
    %load/vec4 v0x55b10052ef80_0;
    %addi 1, 0, 12;
    %assign/vec4 v0x55b10052ef80_0, 0;
T_0.3 ;
T_0.1 ;
    %jmp T_0;
    .thread T_0;
    .scope S_0x55b10051acf0;
T_1 ;
    %delay 10000, 0;
    %load/vec4 v0x55b10052f1b0_0;
    %inv;
    %store/vec4 v0x55b10052f1b0_0, 0, 1;
    %jmp T_1;
    .thread T_1;
    .scope S_0x55b10051acf0;
T_2 ;
    %pushi/vec4 0, 0, 1;
    %store/vec4 v0x55b10052f1b0_0, 0, 1;
    %pushi/vec4 0, 0, 1;
    %store/vec4 v0x55b10052f350_0, 0, 1;
    %delay 10000, 0;
    %pushi/vec4 1, 0, 1;
    %store/vec4 v0x55b10052f350_0, 0, 1;
    %delay 100000000, 0;
    %vpi_call 2 39 "$finish" {0 0 0};
    %end;
    .thread T_2;
    .scope S_0x55b10051acf0;
T_3 ;
    %vpi_call 2 44 "$monitor", "Time = %t, clk_in = %b, clk_out = %b", $time, v0x55b10052f1b0_0, v0x55b10052f280_0 {0 0 0};
    %end;
    .thread T_3;
# The file index is used to find the file name in the following table.
:file_names 4;
    "N/A";
    "<interactive>";
    "clk_divider_testbench.v";
    "clk_divider.v";
