#! /usr/bin/vvp
:ivl_version "11.0 (stable)";
:ivl_delay_selection "TYPICAL";
:vpi_time_precision - 12;
:vpi_module "/usr/lib/x86_64-linux-gnu/ivl/system.vpi";
:vpi_module "/usr/lib/x86_64-linux-gnu/ivl/vhdl_sys.vpi";
:vpi_module "/usr/lib/x86_64-linux-gnu/ivl/vhdl_textio.vpi";
:vpi_module "/usr/lib/x86_64-linux-gnu/ivl/v2005_math.vpi";
:vpi_module "/usr/lib/x86_64-linux-gnu/ivl/va_math.vpi";
S_0x60cd58a5fc60 .scope module, "tb_shift_register" "tb_shift_register" 2 3;
 .timescale -9 -12;
v0x60cd58a76280_0 .var "clk", 0 0;
v0x60cd58a76340_0 .var "data_in", 0 0;
v0x60cd58a76410_0 .net "data_out", 0 0, v0x60cd58a75cb0_0;  1 drivers
v0x60cd58a76510_0 .var "enable", 0 0;
v0x60cd58a765e0_0 .var "load", 0 0;
v0x60cd58a766d0_0 .var "parallel_data_in", 7 0;
v0x60cd58a767a0_0 .var "rst_n", 0 0;
S_0x60cd58a5fdf0 .scope module, "uut" "shift_register" 2 15, 3 1 0, S_0x60cd58a5fc60;
 .timescale 0 0;
    .port_info 0 /INPUT 1 "clk";
    .port_info 1 /INPUT 1 "rst_n";
    .port_info 2 /INPUT 1 "enable";
    .port_info 3 /INPUT 1 "load";
    .port_info 4 /INPUT 1 "data_in";
    .port_info 5 /INPUT 8 "parallel_data_in";
    .port_info 6 /OUTPUT 1 "data_out";
v0x60cd58a25fa0_0 .net "clk", 0 0, v0x60cd58a76280_0;  1 drivers
v0x60cd58a75bf0_0 .net "data_in", 0 0, v0x60cd58a76340_0;  1 drivers
v0x60cd58a75cb0_0 .var "data_out", 0 0;
v0x60cd58a75d50_0 .net "enable", 0 0, v0x60cd58a76510_0;  1 drivers
v0x60cd58a75e10_0 .net "load", 0 0, v0x60cd58a765e0_0;  1 drivers
v0x60cd58a75f20_0 .net "parallel_data_in", 7 0, v0x60cd58a766d0_0;  1 drivers
v0x60cd58a76000_0 .net "rst_n", 0 0, v0x60cd58a767a0_0;  1 drivers
v0x60cd58a760c0_0 .var "shift_reg", 7 0;
E_0x60cd58a5d7e0/0 .event negedge, v0x60cd58a76000_0;
E_0x60cd58a5d7e0/1 .event posedge, v0x60cd58a25fa0_0;
E_0x60cd58a5d7e0 .event/or E_0x60cd58a5d7e0/0, E_0x60cd58a5d7e0/1;
    .scope S_0x60cd58a5fdf0;
T_0 ;
    %wait E_0x60cd58a5d7e0;
    %load/vec4 v0x60cd58a76000_0;
    %nor/r;
    %flag_set/vec4 8;
    %jmp/0xz  T_0.0, 8;
    %pushi/vec4 0, 0, 8;
    %assign/vec4 v0x60cd58a760c0_0, 0;
    %pushi/vec4 0, 0, 1;
    %assign/vec4 v0x60cd58a75cb0_0, 0;
    %jmp T_0.1;
T_0.0 ;
    %load/vec4 v0x60cd58a75e10_0;
    %flag_set/vec4 8;
    %jmp/0xz  T_0.2, 8;
    %load/vec4 v0x60cd58a75f20_0;
    %assign/vec4 v0x60cd58a760c0_0, 0;
    %load/vec4 v0x60cd58a75f20_0;
    %parti/s 1, 7, 4;
    %assign/vec4 v0x60cd58a75cb0_0, 0;
    %jmp T_0.3;
T_0.2 ;
    %load/vec4 v0x60cd58a75d50_0;
    %flag_set/vec4 8;
    %jmp/0xz  T_0.4, 8;
    %load/vec4 v0x60cd58a75bf0_0;
    %load/vec4 v0x60cd58a760c0_0;
    %parti/s 7, 1, 2;
    %concat/vec4; draw_concat_vec4
    %assign/vec4 v0x60cd58a760c0_0, 0;
    %load/vec4 v0x60cd58a75bf0_0;
    %assign/vec4 v0x60cd58a75cb0_0, 0;
T_0.4 ;
T_0.3 ;
T_0.1 ;
    %jmp T_0;
    .thread T_0;
    .scope S_0x60cd58a5fc60;
T_1 ;
    %delay 5000, 0;
    %load/vec4 v0x60cd58a76280_0;
    %inv;
    %store/vec4 v0x60cd58a76280_0, 0, 1;
    %jmp T_1;
    .thread T_1;
    .scope S_0x60cd58a5fc60;
T_2 ;
    %pushi/vec4 0, 0, 1;
    %store/vec4 v0x60cd58a76280_0, 0, 1;
    %pushi/vec4 0, 0, 1;
    %store/vec4 v0x60cd58a767a0_0, 0, 1;
    %pushi/vec4 0, 0, 1;
    %store/vec4 v0x60cd58a76510_0, 0, 1;
    %pushi/vec4 0, 0, 1;
    %store/vec4 v0x60cd58a765e0_0, 0, 1;
    %pushi/vec4 0, 0, 1;
    %store/vec4 v0x60cd58a76340_0, 0, 1;
    %pushi/vec4 85, 0, 8;
    %store/vec4 v0x60cd58a766d0_0, 0, 8;
    %delay 10000, 0;
    %pushi/vec4 1, 0, 1;
    %store/vec4 v0x60cd58a767a0_0, 0, 1;
    %pushi/vec4 1, 0, 1;
    %store/vec4 v0x60cd58a765e0_0, 0, 1;
    %delay 10000, 0;
    %pushi/vec4 0, 0, 1;
    %store/vec4 v0x60cd58a765e0_0, 0, 1;
    %pushi/vec4 1, 0, 1;
    %store/vec4 v0x60cd58a76510_0, 0, 1;
    %pushi/vec4 1, 0, 1;
    %store/vec4 v0x60cd58a76340_0, 0, 1;
    %delay 10000, 0;
    %pushi/vec4 0, 0, 1;
    %store/vec4 v0x60cd58a76340_0, 0, 1;
    %delay 10000, 0;
    %pushi/vec4 1, 0, 1;
    %store/vec4 v0x60cd58a76340_0, 0, 1;
    %delay 10000, 0;
    %pushi/vec4 0, 0, 1;
    %store/vec4 v0x60cd58a76510_0, 0, 1;
    %delay 20000, 0;
    %vpi_call 2 57 "$finish" {0 0 0};
    %end;
    .thread T_2;
    .scope S_0x60cd58a5fc60;
T_3 ;
    %vpi_call 2 62 "$monitor", "Time = %t, data_out = %b", $time, v0x60cd58a76410_0 {0 0 0};
    %end;
    .thread T_3;
# The file index is used to find the file name in the following table.
:file_names 4;
    "N/A";
    "<interactive>";
    "shift_reg_testbench.v";
    "shift_reg.v";
