#! /usr/bin/vvp
:ivl_version "11.0 (stable)";
:ivl_delay_selection "TYPICAL";
:vpi_time_precision - 12;
:vpi_module "/usr/lib/x86_64-linux-gnu/ivl/system.vpi";
:vpi_module "/usr/lib/x86_64-linux-gnu/ivl/vhdl_sys.vpi";
:vpi_module "/usr/lib/x86_64-linux-gnu/ivl/vhdl_textio.vpi";
:vpi_module "/usr/lib/x86_64-linux-gnu/ivl/v2005_math.vpi";
:vpi_module "/usr/lib/x86_64-linux-gnu/ivl/va_math.vpi";
S_0x5f388a602690 .scope module, "tb_fifo" "tb_fifo" 2 3;
 .timescale -9 -12;
P_0x5f388a5ebf60 .param/l "DATA_WIDTH" 1 2 7, +C4<00000000000000000000000000001000>;
P_0x5f388a5ebfa0 .param/l "DEPTH_BITS" 1 2 6, +C4<00000000000000000000000000000100>;
v0x5f388a61ded0_0 .var "clk", 0 0;
v0x5f388a61df90_0 .var "data_in", 7 0;
v0x5f388a61e060_0 .net "data_out", 7 0, v0x5f388a5e80b0_0;  1 drivers
v0x5f388a61e160_0 .net "empty", 0 0, v0x5f388a5e9c90_0;  1 drivers
v0x5f388a61e230_0 .net "full", 0 0, v0x5f388a5e9bf0_0;  1 drivers
v0x5f388a61e2d0_0 .var "rd_en", 0 0;
v0x5f388a61e3a0_0 .var "rst_n", 0 0;
v0x5f388a61e470_0 .var "wr_en", 0 0;
S_0x5f388a6028c0 .scope module, "uut" "fifo" 2 23, 3 1 0, S_0x5f388a602690;
 .timescale 0 0;
    .port_info 0 /INPUT 1 "clk";
    .port_info 1 /INPUT 1 "rst_n";
    .port_info 2 /INPUT 1 "wr_en";
    .port_info 3 /INPUT 1 "rd_en";
    .port_info 4 /INPUT 8 "data_in";
    .port_info 5 /OUTPUT 8 "data_out";
    .port_info 6 /OUTPUT 1 "full";
    .port_info 7 /OUTPUT 1 "empty";
P_0x5f388a5c30f0 .param/l "DATA_WIDTH" 0 3 3, +C4<00000000000000000000000000001000>;
P_0x5f388a5c3130 .param/l "DEPTH" 1 3 15, +C4<000000000000000000000000000000010000>;
P_0x5f388a5c3170 .param/l "DEPTH_BITS" 0 3 2, +C4<00000000000000000000000000000100>;
v0x5f388a5e7d20_0 .net "clk", 0 0, v0x5f388a61ded0_0;  1 drivers
v0x5f388a5e7dc0_0 .net "data_in", 7 0, v0x5f388a61df90_0;  1 drivers
v0x5f388a5e80b0_0 .var "data_out", 7 0;
v0x5f388a5e9c90_0 .var "empty", 0 0;
v0x5f388a5e9bf0_0 .var "full", 0 0;
v0x5f388a61d910 .array "mem", 0 15, 7 0;
v0x5f388a61d9d0_0 .net "rd_en", 0 0, v0x5f388a61e2d0_0;  1 drivers
v0x5f388a61da90_0 .var "rd_ptr", 4 0;
v0x5f388a61db70_0 .net "rst_n", 0 0, v0x5f388a61e3a0_0;  1 drivers
v0x5f388a61dc30_0 .net "wr_en", 0 0, v0x5f388a61e470_0;  1 drivers
v0x5f388a61dcf0_0 .var "wr_ptr", 4 0;
E_0x5f388a5fbec0/0 .event negedge, v0x5f388a61db70_0;
E_0x5f388a5fbec0/1 .event posedge, v0x5f388a5e7d20_0;
E_0x5f388a5fbec0 .event/or E_0x5f388a5fbec0/0, E_0x5f388a5fbec0/1;
    .scope S_0x5f388a6028c0;
T_0 ;
    %wait E_0x5f388a5fbec0;
    %load/vec4 v0x5f388a61db70_0;
    %nor/r;
    %flag_set/vec4 8;
    %jmp/0xz  T_0.0, 8;
    %pushi/vec4 0, 0, 5;
    %assign/vec4 v0x5f388a61dcf0_0, 0;
    %pushi/vec4 0, 0, 5;
    %assign/vec4 v0x5f388a61da90_0, 0;
    %pushi/vec4 0, 0, 1;
    %assign/vec4 v0x5f388a5e9bf0_0, 0;
    %pushi/vec4 1, 0, 1;
    %assign/vec4 v0x5f388a5e9c90_0, 0;
    %pushi/vec4 0, 0, 8;
    %assign/vec4 v0x5f388a5e80b0_0, 0;
    %jmp T_0.1;
T_0.0 ;
    %load/vec4 v0x5f388a61dc30_0;
    %load/vec4 v0x5f388a5e9bf0_0;
    %nor/r;
    %and;
    %flag_set/vec4 8;
    %jmp/0xz  T_0.2, 8;
    %load/vec4 v0x5f388a5e7dc0_0;
    %load/vec4 v0x5f388a61dcf0_0;
    %parti/s 4, 0, 2;
    %pad/u 6;
    %ix/vec4 3;
    %ix/load 4, 0, 0; Constant delay
    %assign/vec4/a/d v0x5f388a61d910, 0, 4;
    %load/vec4 v0x5f388a61dcf0_0;
    %addi 1, 0, 5;
    %assign/vec4 v0x5f388a61dcf0_0, 0;
    %load/vec4 v0x5f388a61dcf0_0;
    %load/vec4 v0x5f388a61da90_0;
    %parti/s 1, 4, 4;
    %inv;
    %load/vec4 v0x5f388a61da90_0;
    %parti/s 4, 0, 2;
    %concat/vec4; draw_concat_vec4
    %cmp/e;
    %jmp/0xz  T_0.4, 4;
    %pushi/vec4 1, 0, 1;
    %assign/vec4 v0x5f388a5e9bf0_0, 0;
T_0.4 ;
    %pushi/vec4 0, 0, 1;
    %assign/vec4 v0x5f388a5e9c90_0, 0;
T_0.2 ;
    %load/vec4 v0x5f388a61d9d0_0;
    %load/vec4 v0x5f388a5e9c90_0;
    %nor/r;
    %and;
    %flag_set/vec4 8;
    %jmp/0xz  T_0.6, 8;
    %load/vec4 v0x5f388a61da90_0;
    %parti/s 4, 0, 2;
    %pad/u 6;
    %ix/vec4 4;
    %load/vec4a v0x5f388a61d910, 4;
    %assign/vec4 v0x5f388a5e80b0_0, 0;
    %load/vec4 v0x5f388a61da90_0;
    %addi 1, 0, 5;
    %assign/vec4 v0x5f388a61da90_0, 0;
    %load/vec4 v0x5f388a61da90_0;
    %load/vec4 v0x5f388a61dcf0_0;
    %cmp/e;
    %jmp/0xz  T_0.8, 4;
    %pushi/vec4 1, 0, 1;
    %assign/vec4 v0x5f388a5e9c90_0, 0;
T_0.8 ;
    %pushi/vec4 0, 0, 1;
    %assign/vec4 v0x5f388a5e9bf0_0, 0;
T_0.6 ;
T_0.1 ;
    %jmp T_0;
    .thread T_0;
    .scope S_0x5f388a602690;
T_1 ;
    %delay 5000, 0;
    %load/vec4 v0x5f388a61ded0_0;
    %inv;
    %store/vec4 v0x5f388a61ded0_0, 0, 1;
    %jmp T_1;
    .thread T_1;
    .scope S_0x5f388a602690;
T_2 ;
    %pushi/vec4 0, 0, 1;
    %store/vec4 v0x5f388a61ded0_0, 0, 1;
    %pushi/vec4 0, 0, 1;
    %store/vec4 v0x5f388a61e3a0_0, 0, 1;
    %pushi/vec4 0, 0, 1;
    %store/vec4 v0x5f388a61e470_0, 0, 1;
    %pushi/vec4 0, 0, 1;
    %store/vec4 v0x5f388a61e2d0_0, 0, 1;
    %pushi/vec4 0, 0, 8;
    %store/vec4 v0x5f388a61df90_0, 0, 8;
    %delay 10000, 0;
    %pushi/vec4 1, 0, 1;
    %store/vec4 v0x5f388a61e3a0_0, 0, 1;
    %pushi/vec4 1, 0, 1;
    %store/vec4 v0x5f388a61e470_0, 0, 1;
    %pushi/vec4 17, 0, 8;
    %store/vec4 v0x5f388a61df90_0, 0, 8;
    %delay 10000, 0;
    %pushi/vec4 34, 0, 8;
    %store/vec4 v0x5f388a61df90_0, 0, 8;
    %delay 10000, 0;
    %pushi/vec4 51, 0, 8;
    %store/vec4 v0x5f388a61df90_0, 0, 8;
    %delay 10000, 0;
    %pushi/vec4 0, 0, 1;
    %store/vec4 v0x5f388a61e470_0, 0, 1;
    %pushi/vec4 1, 0, 1;
    %store/vec4 v0x5f388a61e2d0_0, 0, 1;
    %delay 10000, 0;
    %vpi_call 2 58 "$display", "data_out = %h, full = %b, empty = %b", v0x5f388a61e060_0, v0x5f388a61e230_0, v0x5f388a61e160_0 {0 0 0};
    %delay 10000, 0;
    %vpi_call 2 60 "$display", "data_out = %h, full = %b, empty = %b", v0x5f388a61e060_0, v0x5f388a61e230_0, v0x5f388a61e160_0 {0 0 0};
    %delay 10000, 0;
    %vpi_call 2 62 "$display", "data_out = %h, full = %b, empty = %b", v0x5f388a61e060_0, v0x5f388a61e230_0, v0x5f388a61e160_0 {0 0 0};
    %pushi/vec4 0, 0, 1;
    %store/vec4 v0x5f388a61e2d0_0, 0, 1;
    %vpi_call 2 66 "$finish" {0 0 0};
    %end;
    .thread T_2;
    .scope S_0x5f388a602690;
T_3 ;
    %vpi_call 2 71 "$monitor", "Time = %t, data_in = %h, data_out = %h, full = %b, empty = %b", $time, v0x5f388a61df90_0, v0x5f388a61e060_0, v0x5f388a61e230_0, v0x5f388a61e160_0 {0 0 0};
    %end;
    .thread T_3;
# The file index is used to find the file name in the following table.
:file_names 4;
    "N/A";
    "<interactive>";
    "fifo_testbench.v";
    "fifo.v";
