Flow report for blink_cnt
Thu Mar 13 02:50:48 2025
Quartus Prime Version 23.1std.1 Build 993 05/14/2024 SC Lite Edition


---------------------
; Table of Contents ;
---------------------
  1. Legal Notice
  2. Flow Summary
  3. Flow Settings
  4. Flow Non-Default Global Settings
  5. Flow Elapsed Time
  6. Flow OS Summary
  7. Flow Log
  8. Flow Messages
  9. Flow Suppressed Messages



----------------
; Legal Notice ;
----------------
Copyright (C) 2024  Intel Corporation. All rights reserved.
Your use of Intel Corporation's design tools, logic functions 
and other software and tools, and any partner logic 
functions, and any output files from any of the foregoing 
(including device programming or simulation files), and any 
associated documentation or information are expressly subject 
to the terms and conditions of the Intel Program License 
Subscription Agreement, the Intel Quartus Prime License Agreement,
the Intel FPGA IP License Agreement, or other applicable license
agreement, including, without limitation, that your use is for
the sole purpose of programming logic devices manufactured by
Intel and sold by Intel or its authorized distributors.  Please
refer to the applicable agreement for further details, at
https://fpgasoftware.intel.com/eula.



+-------------------------------------------------------------------------------------+
; Flow Summary                                                                        ;
+------------------------------------+------------------------------------------------+
; Flow Status                        ; Successful - Thu Mar 13 02:50:46 2025          ;
; Quartus Prime Version              ; 23.1std.1 Build 993 05/14/2024 SC Lite Edition ;
; Revision Name                      ; blink_cnt                                      ;
; Top-level Entity Name              ; fpga_top                                       ;
; Family                             ; Cyclone IV E                                   ;
; Total logic elements               ; 28 / 6,272 ( < 1 % )                           ;
;     Total combinational functions  ; 26 / 6,272 ( < 1 % )                           ;
;     Dedicated logic registers      ; 28 / 6,272 ( < 1 % )                           ;
; Total registers                    ; 28                                             ;
; Total pins                         ; 14 / 92 ( 15 % )                               ;
; Total virtual pins                 ; 0                                              ;
; Total memory bits                  ; 0 / 276,480 ( 0 % )                            ;
; Embedded Multiplier 9-bit elements ; 0 / 30 ( 0 % )                                 ;
; Total PLLs                         ; 0 / 2 ( 0 % )                                  ;
; Device                             ; EP4CE6E22C6                                    ;
; Timing Models                      ; Final                                          ;
+------------------------------------+------------------------------------------------+


+-----------------------------------------+
; Flow Settings                           ;
+-------------------+---------------------+
; Option            ; Setting             ;
+-------------------+---------------------+
; Start date & time ; 03/13/2025 02:50:33 ;
; Main task         ; Compilation         ;
; Revision Name     ; blink_cnt           ;
+-------------------+---------------------+


+-------------------------------------------------------------------------------------------------------------------------+
; Flow Non-Default Global Settings                                                                                        ;
+-------------------------------------+----------------------------------------+---------------+-------------+------------+
; Assignment Name                     ; Value                                  ; Default Value ; Entity Name ; Section Id ;
+-------------------------------------+----------------------------------------+---------------+-------------+------------+
; COMPILER_SIGNATURE_ID               ; 136824168065780.174182343313550        ; --            ; --          ; --         ;
; PARTITION_COLOR                     ; -- (Not supported for targeted family) ; --            ; fpga_top    ; Top        ;
; PARTITION_FITTER_PRESERVATION_LEVEL ; -- (Not supported for targeted family) ; --            ; fpga_top    ; Top        ;
; PARTITION_NETLIST_TYPE              ; -- (Not supported for targeted family) ; --            ; fpga_top    ; Top        ;
; PROJECT_OUTPUT_DIRECTORY            ; output_files                           ; --            ; --          ; --         ;
; TOP_LEVEL_ENTITY                    ; fpga_top                               ; blink_cnt     ; --          ; --         ;
+-------------------------------------+----------------------------------------+---------------+-------------+------------+


+--------------------------------------------------------------------------------------------------------------------------+
; Flow Elapsed Time                                                                                                        ;
+----------------------+--------------+-------------------------+---------------------+------------------------------------+
; Module Name          ; Elapsed Time ; Average Processors Used ; Peak Virtual Memory ; Total CPU Time (on all processors) ;
+----------------------+--------------+-------------------------+---------------------+------------------------------------+
; Analysis & Synthesis ; 00:00:08     ; 1.0                     ; 397 MB              ; 00:00:19                           ;
; Fitter               ; 00:00:03     ; 1.0                     ; 921 MB              ; 00:00:04                           ;
; Assembler            ; 00:00:01     ; 1.0                     ; 340 MB              ; 00:00:01                           ;
; Timing Analyzer      ; 00:00:01     ; 1.0                     ; 477 MB              ; 00:00:01                           ;
; Total                ; 00:00:13     ; --                      ; --                  ; 00:00:25                           ;
+----------------------+--------------+-------------------------+---------------------+------------------------------------+


+----------------------------------------------------------------------------------------+
; Flow OS Summary                                                                        ;
+----------------------+------------------+----------------+------------+----------------+
; Module Name          ; Machine Hostname ; OS Name        ; OS Version ; Processor type ;
+----------------------+------------------+----------------+------------+----------------+
; Analysis & Synthesis ; ilya-NBR-WAX9    ; Ubuntu 22.04.5 ; 22         ; x86_64         ;
; Fitter               ; ilya-NBR-WAX9    ; Ubuntu 22.04.5 ; 22         ; x86_64         ;
; Assembler            ; ilya-NBR-WAX9    ; Ubuntu 22.04.5 ; 22         ; x86_64         ;
; Timing Analyzer      ; ilya-NBR-WAX9    ; Ubuntu 22.04.5 ; 22         ; x86_64         ;
+----------------------+------------------+----------------+------------+----------------+


------------
; Flow Log ;
------------
quartus_map --read_settings_files=on --write_settings_files=off blink_cnt -c blink_cnt
quartus_fit --read_settings_files=off --write_settings_files=off blink_cnt -c blink_cnt
quartus_asm --read_settings_files=off --write_settings_files=off blink_cnt -c blink_cnt
quartus_sta blink_cnt -c blink_cnt



